INFO - 2023-11-27 09:17:33 --> Session: Class initialized using 'CodeIgniter\Session\Handlers\FileHandler' driver.
INFO - 2023-11-27 09:20:56 --> Session: Class initialized using 'CodeIgniter\Session\Handlers\FileHandler' driver.
INFO - 2023-11-27 09:20:56 --> Session: Class initialized using 'CodeIgniter\Session\Handlers\FileHandler' driver.
INFO - 2023-11-27 09:21:01 --> Session: Class initialized using 'CodeIgniter\Session\Handlers\FileHandler' driver.
WARNING - 2023-11-27 09:21:02 --> [DEPRECATED] Creation of dynamic property App\Models\Mglobal::$session is deprecated in APPPATH\Models\Mglobal.php on line 18.
 1 APPPATH\Controllers\Login.php(52): App\Models\Mglobal->__construct()
 2 SYSTEMPATH\CodeIgniter.php(942): App\Controllers\Login->validar_usuario()
 3 SYSTEMPATH\CodeIgniter.php(502): CodeIgniter\CodeIgniter->runController(Object(App\Controllers\Login))
 4 SYSTEMPATH\CodeIgniter.php(361): CodeIgniter\CodeIgniter->handleRequest(null, Object(Config\Cache), false)
 5 FCPATH\index.php(79): CodeIgniter\CodeIgniter->run()
INFO - 2023-11-27 09:21:02 --> Session: Class initialized using 'CodeIgniter\Session\Handlers\FileHandler' driver.
INFO - 2023-11-27 09:21:03 --> Session: Class initialized using 'CodeIgniter\Session\Handlers\FileHandler' driver.
WARNING - 2023-11-27 09:21:03 --> [DEPRECATED] Creation of dynamic property App\Models\Mglobal::$session is deprecated in APPPATH\Models\Mglobal.php on line 18.
 1 APPPATH\Controllers\Inicio.php(51): App\Models\Mglobal->__construct()
 2 SYSTEMPATH\CodeIgniter.php(942): App\Controllers\Inicio->getPrincipal()
 3 SYSTEMPATH\CodeIgniter.php(502): CodeIgniter\CodeIgniter->runController(Object(App\Controllers\Inicio))
 4 SYSTEMPATH\CodeIgniter.php(361): CodeIgniter\CodeIgniter->handleRequest(null, Object(Config\Cache), false)
 5 FCPATH\index.php(79): CodeIgniter\CodeIgniter->run()
INFO - 2023-11-27 09:22:09 --> Session: Class initialized using 'CodeIgniter\Session\Handlers\FileHandler' driver.
WARNING - 2023-11-27 09:22:09 --> [DEPRECATED] Creation of dynamic property App\Models\Mglobal::$session is deprecated in APPPATH\Models\Mglobal.php on line 18.
 1 APPPATH\Controllers\Agregar.php(132): App\Models\Mglobal->__construct()
 2 SYSTEMPATH\CodeIgniter.php(942): App\Controllers\Agregar->index()
 3 SYSTEMPATH\CodeIgniter.php(502): CodeIgniter\CodeIgniter->runController(Object(App\Controllers\Agregar))
 4 SYSTEMPATH\CodeIgniter.php(361): CodeIgniter\CodeIgniter->handleRequest(null, Object(Config\Cache), false)
 5 FCPATH\index.php(79): CodeIgniter\CodeIgniter->run()
INFO - 2023-11-27 09:22:25 --> Session: Class initialized using 'CodeIgniter\Session\Handlers\FileHandler' driver.
WARNING - 2023-11-27 09:22:25 --> [DEPRECATED] Creation of dynamic property App\Models\Mglobal::$session is deprecated in APPPATH\Models\Mglobal.php on line 18.
 1 APPPATH\Controllers\Agregar.php(132): App\Models\Mglobal->__construct()
 2 SYSTEMPATH\CodeIgniter.php(942): App\Controllers\Agregar->index()
 3 SYSTEMPATH\CodeIgniter.php(502): CodeIgniter\CodeIgniter->runController(Object(App\Controllers\Agregar))
 4 SYSTEMPATH\CodeIgniter.php(361): CodeIgniter\CodeIgniter->handleRequest(null, Object(Config\Cache), false)
 5 FCPATH\index.php(79): CodeIgniter\CodeIgniter->run()
INFO - 2023-11-27 10:22:38 --> Session: Class initialized using 'CodeIgniter\Session\Handlers\FileHandler' driver.
INFO - 2023-11-27 10:22:38 --> Session: Class initialized using 'CodeIgniter\Session\Handlers\FileHandler' driver.
INFO - 2023-11-27 10:22:39 --> Session: Class initialized using 'CodeIgniter\Session\Handlers\FileHandler' driver.
WARNING - 2023-11-27 10:22:39 --> [DEPRECATED] Creation of dynamic property App\Models\Mglobal::$session is deprecated in APPPATH\Models\Mglobal.php on line 18.
 1 APPPATH\Controllers\Inicio.php(51): App\Models\Mglobal->__construct()
 2 SYSTEMPATH\CodeIgniter.php(942): App\Controllers\Inicio->getPrincipal()
 3 SYSTEMPATH\CodeIgniter.php(502): CodeIgniter\CodeIgniter->runController(Object(App\Controllers\Inicio))
 4 SYSTEMPATH\CodeIgniter.php(361): CodeIgniter\CodeIgniter->handleRequest(null, Object(Config\Cache), false)
 5 FCPATH\index.php(79): CodeIgniter\CodeIgniter->run()
INFO - 2023-11-27 13:33:11 --> Session: Class initialized using 'CodeIgniter\Session\Handlers\FileHandler' driver.
WARNING - 2023-11-27 13:33:11 --> [DEPRECATED] Creation of dynamic property App\Models\Mglobal::$session is deprecated in APPPATH\Models\Mglobal.php on line 18.
 1 APPPATH\Controllers\Agregar.php(132): App\Models\Mglobal->__construct()
 2 SYSTEMPATH\CodeIgniter.php(942): App\Controllers\Agregar->index()
 3 SYSTEMPATH\CodeIgniter.php(502): CodeIgniter\CodeIgniter->runController(Object(App\Controllers\Agregar))
 4 SYSTEMPATH\CodeIgniter.php(361): CodeIgniter\CodeIgniter->handleRequest(null, Object(Config\Cache), false)
 5 FCPATH\index.php(79): CodeIgniter\CodeIgniter->run()
INFO - 2023-11-27 13:45:37 --> Session: Class initialized using 'CodeIgniter\Session\Handlers\FileHandler' driver.
WARNING - 2023-11-27 13:45:37 --> [DEPRECATED] Creation of dynamic property App\Models\Mglobal::$session is deprecated in APPPATH\Models\Mglobal.php on line 18.
 1 APPPATH\Controllers\Agregar.php(132): App\Models\Mglobal->__construct()
 2 SYSTEMPATH\CodeIgniter.php(942): App\Controllers\Agregar->index()
 3 SYSTEMPATH\CodeIgniter.php(502): CodeIgniter\CodeIgniter->runController(Object(App\Controllers\Agregar))
 4 SYSTEMPATH\CodeIgniter.php(361): CodeIgniter\CodeIgniter->handleRequest(null, Object(Config\Cache), false)
 5 FCPATH\index.php(79): CodeIgniter\CodeIgniter->run()
INFO - 2023-11-27 13:46:08 --> Session: Class initialized using 'CodeIgniter\Session\Handlers\FileHandler' driver.
WARNING - 2023-11-27 13:46:08 --> [DEPRECATED] Creation of dynamic property App\Models\Mglobal::$session is deprecated in APPPATH\Models\Mglobal.php on line 18.
 1 APPPATH\Controllers\Agregar.php(132): App\Models\Mglobal->__construct()
 2 SYSTEMPATH\CodeIgniter.php(942): App\Controllers\Agregar->index()
 3 SYSTEMPATH\CodeIgniter.php(502): CodeIgniter\CodeIgniter->runController(Object(App\Controllers\Agregar))
 4 SYSTEMPATH\CodeIgniter.php(361): CodeIgniter\CodeIgniter->handleRequest(null, Object(Config\Cache), false)
 5 FCPATH\index.php(79): CodeIgniter\CodeIgniter->run()
INFO - 2023-11-27 13:47:52 --> Session: Class initialized using 'CodeIgniter\Session\Handlers\FileHandler' driver.
WARNING - 2023-11-27 13:47:52 --> [DEPRECATED] Creation of dynamic property App\Models\Mglobal::$session is deprecated in APPPATH\Models\Mglobal.php on line 18.
 1 APPPATH\Controllers\Agregar.php(132): App\Models\Mglobal->__construct()
 2 SYSTEMPATH\CodeIgniter.php(942): App\Controllers\Agregar->index()
 3 SYSTEMPATH\CodeIgniter.php(502): CodeIgniter\CodeIgniter->runController(Object(App\Controllers\Agregar))
 4 SYSTEMPATH\CodeIgniter.php(361): CodeIgniter\CodeIgniter->handleRequest(null, Object(Config\Cache), false)
 5 FCPATH\index.php(79): CodeIgniter\CodeIgniter->run()
INFO - 2023-11-27 13:47:57 --> Session: Class initialized using 'CodeIgniter\Session\Handlers\FileHandler' driver.
INFO - 2023-11-27 13:47:57 --> Session: Class initialized using 'CodeIgniter\Session\Handlers\FileHandler' driver.
INFO - 2023-11-27 13:48:06 --> Session: Class initialized using 'CodeIgniter\Session\Handlers\FileHandler' driver.
WARNING - 2023-11-27 13:48:06 --> [DEPRECATED] Creation of dynamic property App\Models\Mglobal::$session is deprecated in APPPATH\Models\Mglobal.php on line 18.
 1 APPPATH\Controllers\Login.php(52): App\Models\Mglobal->__construct()
 2 SYSTEMPATH\CodeIgniter.php(942): App\Controllers\Login->validar_usuario()
 3 SYSTEMPATH\CodeIgniter.php(502): CodeIgniter\CodeIgniter->runController(Object(App\Controllers\Login))
 4 SYSTEMPATH\CodeIgniter.php(361): CodeIgniter\CodeIgniter->handleRequest(null, Object(Config\Cache), false)
 5 FCPATH\index.php(79): CodeIgniter\CodeIgniter->run()
INFO - 2023-11-27 13:48:06 --> Session: Class initialized using 'CodeIgniter\Session\Handlers\FileHandler' driver.
INFO - 2023-11-27 13:48:07 --> Session: Class initialized using 'CodeIgniter\Session\Handlers\FileHandler' driver.
WARNING - 2023-11-27 13:48:08 --> [DEPRECATED] Creation of dynamic property App\Models\Mglobal::$session is deprecated in APPPATH\Models\Mglobal.php on line 18.
 1 APPPATH\Controllers\Inicio.php(51): App\Models\Mglobal->__construct()
 2 SYSTEMPATH\CodeIgniter.php(942): App\Controllers\Inicio->getPrincipal()
 3 SYSTEMPATH\CodeIgniter.php(502): CodeIgniter\CodeIgniter->runController(Object(App\Controllers\Inicio))
 4 SYSTEMPATH\CodeIgniter.php(361): CodeIgniter\CodeIgniter->handleRequest(null, Object(Config\Cache), false)
 5 FCPATH\index.php(79): CodeIgniter\CodeIgniter->run()
INFO - 2023-11-27 13:48:17 --> Session: Class initialized using 'CodeIgniter\Session\Handlers\FileHandler' driver.
WARNING - 2023-11-27 13:48:17 --> [DEPRECATED] Creation of dynamic property App\Models\Mglobal::$session is deprecated in APPPATH\Models\Mglobal.php on line 18.
 1 APPPATH\Controllers\Agregar.php(132): App\Models\Mglobal->__construct()
 2 SYSTEMPATH\CodeIgniter.php(942): App\Controllers\Agregar->index()
 3 SYSTEMPATH\CodeIgniter.php(502): CodeIgniter\CodeIgniter->runController(Object(App\Controllers\Agregar))
 4 SYSTEMPATH\CodeIgniter.php(361): CodeIgniter\CodeIgniter->handleRequest(null, Object(Config\Cache), false)
 5 FCPATH\index.php(79): CodeIgniter\CodeIgniter->run()
INFO - 2023-11-27 13:52:48 --> Session: Class initialized using 'CodeIgniter\Session\Handlers\FileHandler' driver.
WARNING - 2023-11-27 13:52:48 --> [DEPRECATED] Creation of dynamic property App\Models\Mglobal::$session is deprecated in APPPATH\Models\Mglobal.php on line 18.
 1 APPPATH\Controllers\Agregar.php(132): App\Models\Mglobal->__construct()
 2 SYSTEMPATH\CodeIgniter.php(942): App\Controllers\Agregar->index()
 3 SYSTEMPATH\CodeIgniter.php(502): CodeIgniter\CodeIgniter->runController(Object(App\Controllers\Agregar))
 4 SYSTEMPATH\CodeIgniter.php(361): CodeIgniter\CodeIgniter->handleRequest(null, Object(Config\Cache), false)
 5 FCPATH\index.php(79): CodeIgniter\CodeIgniter->run()
INFO - 2023-11-27 13:59:10 --> Session: Class initialized using 'CodeIgniter\Session\Handlers\FileHandler' driver.
WARNING - 2023-11-27 13:59:10 --> [DEPRECATED] Creation of dynamic property App\Models\Mglobal::$session is deprecated in APPPATH\Models\Mglobal.php on line 18.
 1 APPPATH\Controllers\Agregar.php(132): App\Models\Mglobal->__construct()
 2 SYSTEMPATH\CodeIgniter.php(942): App\Controllers\Agregar->index()
 3 SYSTEMPATH\CodeIgniter.php(502): CodeIgniter\CodeIgniter->runController(Object(App\Controllers\Agregar))
 4 SYSTEMPATH\CodeIgniter.php(361): CodeIgniter\CodeIgniter->handleRequest(null, Object(Config\Cache), false)
 5 FCPATH\index.php(79): CodeIgniter\CodeIgniter->run()
INFO - 2023-11-27 13:59:48 --> Session: Class initialized using 'CodeIgniter\Session\Handlers\FileHandler' driver.
WARNING - 2023-11-27 13:59:48 --> [DEPRECATED] Creation of dynamic property App\Models\Mglobal::$session is deprecated in APPPATH\Models\Mglobal.php on line 18.
 1 APPPATH\Controllers\Agregar.php(132): App\Models\Mglobal->__construct()
 2 SYSTEMPATH\CodeIgniter.php(942): App\Controllers\Agregar->index()
 3 SYSTEMPATH\CodeIgniter.php(502): CodeIgniter\CodeIgniter->runController(Object(App\Controllers\Agregar))
 4 SYSTEMPATH\CodeIgniter.php(361): CodeIgniter\CodeIgniter->handleRequest(null, Object(Config\Cache), false)
 5 FCPATH\index.php(79): CodeIgniter\CodeIgniter->run()
INFO - 2023-11-27 13:59:59 --> Session: Class initialized using 'CodeIgniter\Session\Handlers\FileHandler' driver.
WARNING - 2023-11-27 13:59:59 --> [DEPRECATED] Creation of dynamic property App\Models\Mglobal::$session is deprecated in APPPATH\Models\Mglobal.php on line 18.
 1 APPPATH\Controllers\Agregar.php(132): App\Models\Mglobal->__construct()
 2 SYSTEMPATH\CodeIgniter.php(942): App\Controllers\Agregar->index()
 3 SYSTEMPATH\CodeIgniter.php(502): CodeIgniter\CodeIgniter->runController(Object(App\Controllers\Agregar))
 4 SYSTEMPATH\CodeIgniter.php(361): CodeIgniter\CodeIgniter->handleRequest(null, Object(Config\Cache), false)
 5 FCPATH\index.php(79): CodeIgniter\CodeIgniter->run()
INFO - 2023-11-27 14:09:20 --> Session: Class initialized using 'CodeIgniter\Session\Handlers\FileHandler' driver.
WARNING - 2023-11-27 14:09:20 --> [DEPRECATED] Creation of dynamic property App\Models\Mglobal::$session is deprecated in APPPATH\Models\Mglobal.php on line 18.
 1 APPPATH\Controllers\Agregar.php(132): App\Models\Mglobal->__construct()
 2 SYSTEMPATH\CodeIgniter.php(942): App\Controllers\Agregar->index()
 3 SYSTEMPATH\CodeIgniter.php(502): CodeIgniter\CodeIgniter->runController(Object(App\Controllers\Agregar))
 4 SYSTEMPATH\CodeIgniter.php(361): CodeIgniter\CodeIgniter->handleRequest(null, Object(Config\Cache), false)
 5 FCPATH\index.php(79): CodeIgniter\CodeIgniter->run()
INFO - 2023-11-27 14:09:32 --> Session: Class initialized using 'CodeIgniter\Session\Handlers\FileHandler' driver.
WARNING - 2023-11-27 14:09:32 --> [DEPRECATED] Creation of dynamic property App\Models\Mglobal::$session is deprecated in APPPATH\Models\Mglobal.php on line 18.
 1 APPPATH\Controllers\Agregar.php(189): App\Models\Mglobal->__construct()
 2 SYSTEMPATH\CodeIgniter.php(942): App\Controllers\Agregar->guardaTurno()
 3 SYSTEMPATH\CodeIgniter.php(502): CodeIgniter\CodeIgniter->runController(Object(App\Controllers\Agregar))
 4 SYSTEMPATH\CodeIgniter.php(361): CodeIgniter\CodeIgniter->handleRequest(null, Object(Config\Cache), false)
 5 FCPATH\index.php(79): CodeIgniter\CodeIgniter->run()
INFO - 2023-11-27 14:13:50 --> Session: Class initialized using 'CodeIgniter\Session\Handlers\FileHandler' driver.
WARNING - 2023-11-27 14:13:50 --> [DEPRECATED] Creation of dynamic property App\Models\Mglobal::$session is deprecated in APPPATH\Models\Mglobal.php on line 18.
 1 APPPATH\Controllers\Agregar.php(189): App\Models\Mglobal->__construct()
 2 SYSTEMPATH\CodeIgniter.php(942): App\Controllers\Agregar->guardaTurno()
 3 SYSTEMPATH\CodeIgniter.php(502): CodeIgniter\CodeIgniter->runController(Object(App\Controllers\Agregar))
 4 SYSTEMPATH\CodeIgniter.php(361): CodeIgniter\CodeIgniter->handleRequest(null, Object(Config\Cache), false)
 5 FCPATH\index.php(79): CodeIgniter\CodeIgniter->run()
CRITICAL - 2023-11-27 20:51:59 --> syntax error, unexpected token ","
in APPPATH\Controllers\Agregar.php on line 217.
 1 SYSTEMPATH\Router\Router.php(514): CodeIgniter\Router\AutoRouter->getRoute('Agregar/guardaTurno', 'post')
 2 SYSTEMPATH\Router\Router.php(210): CodeIgniter\Router\Router->autoRoute('Agregar/guardaTurno')
 3 SYSTEMPATH\CodeIgniter.php(823): CodeIgniter\Router\Router->handle('Agregar/guardaTurno')
 4 SYSTEMPATH\CodeIgniter.php(450): CodeIgniter\CodeIgniter->tryToRouteIt(Object(CodeIgniter\Router\RouteCollection))
 5 SYSTEMPATH\CodeIgniter.php(361): CodeIgniter\CodeIgniter->handleRequest(null, Object(Config\Cache), false)
 6 FCPATH\index.php(79): CodeIgniter\CodeIgniter->run()
CRITICAL - 2023-11-27 20:52:02 --> syntax error, unexpected token ","
in APPPATH\Controllers\Agregar.php on line 217.
 1 SYSTEMPATH\Router\Router.php(514): CodeIgniter\Router\AutoRouter->getRoute('Agregar', 'get')
 2 SYSTEMPATH\Router\Router.php(210): CodeIgniter\Router\Router->autoRoute('Agregar')
 3 SYSTEMPATH\CodeIgniter.php(823): CodeIgniter\Router\Router->handle('Agregar')
 4 SYSTEMPATH\CodeIgniter.php(450): CodeIgniter\CodeIgniter->tryToRouteIt(Object(CodeIgniter\Router\RouteCollection))
 5 SYSTEMPATH\CodeIgniter.php(361): CodeIgniter\CodeIgniter->handleRequest(null, Object(Config\Cache), false)
 6 FCPATH\index.php(79): CodeIgniter\CodeIgniter->run()
INFO - 2023-11-27 14:57:27 --> Session: Class initialized using 'CodeIgniter\Session\Handlers\FileHandler' driver.
WARNING - 2023-11-27 14:57:27 --> [DEPRECATED] Creation of dynamic property App\Models\Mglobal::$session is deprecated in APPPATH\Models\Mglobal.php on line 18.
 1 APPPATH\Controllers\Agregar.php(132): App\Models\Mglobal->__construct()
 2 SYSTEMPATH\CodeIgniter.php(942): App\Controllers\Agregar->index()
 3 SYSTEMPATH\CodeIgniter.php(502): CodeIgniter\CodeIgniter->runController(Object(App\Controllers\Agregar))
 4 SYSTEMPATH\CodeIgniter.php(361): CodeIgniter\CodeIgniter->handleRequest(null, Object(Config\Cache), false)
 5 FCPATH\index.php(79): CodeIgniter\CodeIgniter->run()
INFO - 2023-11-27 14:58:38 --> Session: Class initialized using 'CodeIgniter\Session\Handlers\FileHandler' driver.
WARNING - 2023-11-27 14:58:38 --> [DEPRECATED] Creation of dynamic property App\Models\Mglobal::$session is deprecated in APPPATH\Models\Mglobal.php on line 18.
 1 APPPATH\Controllers\Agregar.php(132): App\Models\Mglobal->__construct()
 2 SYSTEMPATH\CodeIgniter.php(942): App\Controllers\Agregar->index()
 3 SYSTEMPATH\CodeIgniter.php(502): CodeIgniter\CodeIgniter->runController(Object(App\Controllers\Agregar))
 4 SYSTEMPATH\CodeIgniter.php(361): CodeIgniter\CodeIgniter->handleRequest(null, Object(Config\Cache), false)
 5 FCPATH\index.php(79): CodeIgniter\CodeIgniter->run()
INFO - 2023-11-27 15:05:58 --> Session: Class initialized using 'CodeIgniter\Session\Handlers\FileHandler' driver.
WARNING - 2023-11-27 15:05:58 --> [DEPRECATED] Creation of dynamic property App\Models\Mglobal::$session is deprecated in APPPATH\Models\Mglobal.php on line 18.
 1 APPPATH\Controllers\Agregar.php(132): App\Models\Mglobal->__construct()
 2 SYSTEMPATH\CodeIgniter.php(942): App\Controllers\Agregar->index()
 3 SYSTEMPATH\CodeIgniter.php(502): CodeIgniter\CodeIgniter->runController(Object(App\Controllers\Agregar))
 4 SYSTEMPATH\CodeIgniter.php(361): CodeIgniter\CodeIgniter->handleRequest(null, Object(Config\Cache), false)
 5 FCPATH\index.php(79): CodeIgniter\CodeIgniter->run()
INFO - 2023-11-27 15:11:18 --> Session: Class initialized using 'CodeIgniter\Session\Handlers\FileHandler' driver.
WARNING - 2023-11-27 15:11:18 --> [DEPRECATED] Creation of dynamic property App\Models\Mglobal::$session is deprecated in APPPATH\Models\Mglobal.php on line 18.
 1 APPPATH\Controllers\Agregar.php(190): App\Models\Mglobal->__construct()
 2 SYSTEMPATH\CodeIgniter.php(942): App\Controllers\Agregar->guardaTurno()
 3 SYSTEMPATH\CodeIgniter.php(502): CodeIgniter\CodeIgniter->runController(Object(App\Controllers\Agregar))
 4 SYSTEMPATH\CodeIgniter.php(361): CodeIgniter\CodeIgniter->handleRequest(null, Object(Config\Cache), false)
 5 FCPATH\index.php(79): CodeIgniter\CodeIgniter->run()
INFO - 2023-11-27 15:12:48 --> Session: Class initialized using 'CodeIgniter\Session\Handlers\FileHandler' driver.
WARNING - 2023-11-27 15:12:48 --> [DEPRECATED] Creation of dynamic property App\Models\Mglobal::$session is deprecated in APPPATH\Models\Mglobal.php on line 18.
 1 APPPATH\Controllers\Agregar.php(190): App\Models\Mglobal->__construct()
 2 SYSTEMPATH\CodeIgniter.php(942): App\Controllers\Agregar->guardaTurno()
 3 SYSTEMPATH\CodeIgniter.php(502): CodeIgniter\CodeIgniter->runController(Object(App\Controllers\Agregar))
 4 SYSTEMPATH\CodeIgniter.php(361): CodeIgniter\CodeIgniter->handleRequest(null, Object(Config\Cache), false)
 5 FCPATH\index.php(79): CodeIgniter\CodeIgniter->run()
INFO - 2023-11-27 15:13:14 --> Session: Class initialized using 'CodeIgniter\Session\Handlers\FileHandler' driver.
WARNING - 2023-11-27 15:13:14 --> [DEPRECATED] Creation of dynamic property App\Models\Mglobal::$session is deprecated in APPPATH\Models\Mglobal.php on line 18.
 1 APPPATH\Controllers\Agregar.php(190): App\Models\Mglobal->__construct()
 2 SYSTEMPATH\CodeIgniter.php(942): App\Controllers\Agregar->guardaTurno()
 3 SYSTEMPATH\CodeIgniter.php(502): CodeIgniter\CodeIgniter->runController(Object(App\Controllers\Agregar))
 4 SYSTEMPATH\CodeIgniter.php(361): CodeIgniter\CodeIgniter->handleRequest(null, Object(Config\Cache), false)
 5 FCPATH\index.php(79): CodeIgniter\CodeIgniter->run()
CRITICAL - 2023-11-27 21:16:02 --> syntax error, unexpected token ","
in APPPATH\Controllers\Agregar.php on line 227.
 1 SYSTEMPATH\Router\Router.php(514): CodeIgniter\Router\AutoRouter->getRoute('Agregar/guardaTurno', 'post')
 2 SYSTEMPATH\Router\Router.php(210): CodeIgniter\Router\Router->autoRoute('Agregar/guardaTurno')
 3 SYSTEMPATH\CodeIgniter.php(823): CodeIgniter\Router\Router->handle('Agregar/guardaTurno')
 4 SYSTEMPATH\CodeIgniter.php(450): CodeIgniter\CodeIgniter->tryToRouteIt(Object(CodeIgniter\Router\RouteCollection))
 5 SYSTEMPATH\CodeIgniter.php(361): CodeIgniter\CodeIgniter->handleRequest(null, Object(Config\Cache), false)
 6 FCPATH\index.php(79): CodeIgniter\CodeIgniter->run()
INFO - 2023-11-27 15:16:16 --> Session: Class initialized using 'CodeIgniter\Session\Handlers\FileHandler' driver.
WARNING - 2023-11-27 15:16:16 --> [DEPRECATED] Creation of dynamic property App\Models\Mglobal::$session is deprecated in APPPATH\Models\Mglobal.php on line 18.
 1 APPPATH\Controllers\Agregar.php(190): App\Models\Mglobal->__construct()
 2 SYSTEMPATH\CodeIgniter.php(942): App\Controllers\Agregar->guardaTurno()
 3 SYSTEMPATH\CodeIgniter.php(502): CodeIgniter\CodeIgniter->runController(Object(App\Controllers\Agregar))
 4 SYSTEMPATH\CodeIgniter.php(361): CodeIgniter\CodeIgniter->handleRequest(null, Object(Config\Cache), false)
 5 FCPATH\index.php(79): CodeIgniter\CodeIgniter->run()
CRITICAL - 2023-11-27 15:16:16 --> Class "App\Controllers\Time" not found
in APPPATH\Controllers\Agregar.php on line 194.
 1 SYSTEMPATH\CodeIgniter.php(942): App\Controllers\Agregar->guardaTurno()
 2 SYSTEMPATH\CodeIgniter.php(502): CodeIgniter\CodeIgniter->runController(Object(App\Controllers\Agregar))
 3 SYSTEMPATH\CodeIgniter.php(361): CodeIgniter\CodeIgniter->handleRequest(null, Object(Config\Cache), false)
 4 FCPATH\index.php(79): CodeIgniter\CodeIgniter->run()
INFO - 2023-11-27 15:20:34 --> Session: Class initialized using 'CodeIgniter\Session\Handlers\FileHandler' driver.
WARNING - 2023-11-27 15:20:34 --> [DEPRECATED] Creation of dynamic property App\Models\Mglobal::$session is deprecated in APPPATH\Models\Mglobal.php on line 18.
 1 APPPATH\Controllers\Agregar.php(190): App\Models\Mglobal->__construct()
 2 SYSTEMPATH\CodeIgniter.php(942): App\Controllers\Agregar->guardaTurno()
 3 SYSTEMPATH\CodeIgniter.php(502): CodeIgniter\CodeIgniter->runController(Object(App\Controllers\Agregar))
 4 SYSTEMPATH\CodeIgniter.php(361): CodeIgniter\CodeIgniter->handleRequest(null, Object(Config\Cache), false)
 5 FCPATH\index.php(79): CodeIgniter\CodeIgniter->run()
INFO - 2023-11-27 15:21:43 --> Session: Class initialized using 'CodeIgniter\Session\Handlers\FileHandler' driver.
WARNING - 2023-11-27 15:21:43 --> [DEPRECATED] Creation of dynamic property App\Models\Mglobal::$session is deprecated in APPPATH\Models\Mglobal.php on line 18.
 1 APPPATH\Controllers\Agregar.php(190): App\Models\Mglobal->__construct()
 2 SYSTEMPATH\CodeIgniter.php(942): App\Controllers\Agregar->guardaTurno()
 3 SYSTEMPATH\CodeIgniter.php(502): CodeIgniter\CodeIgniter->runController(Object(App\Controllers\Agregar))
 4 SYSTEMPATH\CodeIgniter.php(361): CodeIgniter\CodeIgniter->handleRequest(null, Object(Config\Cache), false)
 5 FCPATH\index.php(79): CodeIgniter\CodeIgniter->run()
INFO - 2023-11-27 15:22:27 --> Session: Class initialized using 'CodeIgniter\Session\Handlers\FileHandler' driver.
WARNING - 2023-11-27 15:22:27 --> [DEPRECATED] Creation of dynamic property App\Models\Mglobal::$session is deprecated in APPPATH\Models\Mglobal.php on line 18.
 1 APPPATH\Controllers\Agregar.php(132): App\Models\Mglobal->__construct()
 2 SYSTEMPATH\CodeIgniter.php(942): App\Controllers\Agregar->index()
 3 SYSTEMPATH\CodeIgniter.php(502): CodeIgniter\CodeIgniter->runController(Object(App\Controllers\Agregar))
 4 SYSTEMPATH\CodeIgniter.php(361): CodeIgniter\CodeIgniter->handleRequest(null, Object(Config\Cache), false)
 5 FCPATH\index.php(79): CodeIgniter\CodeIgniter->run()
INFO - 2023-11-27 15:22:33 --> Session: Class initialized using 'CodeIgniter\Session\Handlers\FileHandler' driver.
WARNING - 2023-11-27 15:22:33 --> [DEPRECATED] Creation of dynamic property App\Models\Mglobal::$session is deprecated in APPPATH\Models\Mglobal.php on line 18.
 1 APPPATH\Controllers\Agregar.php(190): App\Models\Mglobal->__construct()
 2 SYSTEMPATH\CodeIgniter.php(942): App\Controllers\Agregar->guardaTurno()
 3 SYSTEMPATH\CodeIgniter.php(502): CodeIgniter\CodeIgniter->runController(Object(App\Controllers\Agregar))
 4 SYSTEMPATH\CodeIgniter.php(361): CodeIgniter\CodeIgniter->handleRequest(null, Object(Config\Cache), false)
 5 FCPATH\index.php(79): CodeIgniter\CodeIgniter->run()
INFO - 2023-11-27 15:23:22 --> Session: Class initialized using 'CodeIgniter\Session\Handlers\FileHandler' driver.
WARNING - 2023-11-27 15:23:22 --> [DEPRECATED] Creation of dynamic property App\Models\Mglobal::$session is deprecated in APPPATH\Models\Mglobal.php on line 18.
 1 APPPATH\Controllers\Agregar.php(132): App\Models\Mglobal->__construct()
 2 SYSTEMPATH\CodeIgniter.php(942): App\Controllers\Agregar->index()
 3 SYSTEMPATH\CodeIgniter.php(502): CodeIgniter\CodeIgniter->runController(Object(App\Controllers\Agregar))
 4 SYSTEMPATH\CodeIgniter.php(361): CodeIgniter\CodeIgniter->handleRequest(null, Object(Config\Cache), false)
 5 FCPATH\index.php(79): CodeIgniter\CodeIgniter->run()
INFO - 2023-11-27 15:24:34 --> Session: Class initialized using 'CodeIgniter\Session\Handlers\FileHandler' driver.
WARNING - 2023-11-27 15:24:34 --> [DEPRECATED] Creation of dynamic property App\Models\Mglobal::$session is deprecated in APPPATH\Models\Mglobal.php on line 18.
 1 APPPATH\Controllers\Agregar.php(132): App\Models\Mglobal->__construct()
 2 SYSTEMPATH\CodeIgniter.php(942): App\Controllers\Agregar->index()
 3 SYSTEMPATH\CodeIgniter.php(502): CodeIgniter\CodeIgniter->runController(Object(App\Controllers\Agregar))
 4 SYSTEMPATH\CodeIgniter.php(361): CodeIgniter\CodeIgniter->handleRequest(null, Object(Config\Cache), false)
 5 FCPATH\index.php(79): CodeIgniter\CodeIgniter->run()
INFO - 2023-11-27 15:25:54 --> Session: Class initialized using 'CodeIgniter\Session\Handlers\FileHandler' driver.
WARNING - 2023-11-27 15:25:54 --> [DEPRECATED] Creation of dynamic property App\Models\Mglobal::$session is deprecated in APPPATH\Models\Mglobal.php on line 18.
 1 APPPATH\Controllers\Agregar.php(190): App\Models\Mglobal->__construct()
 2 SYSTEMPATH\CodeIgniter.php(942): App\Controllers\Agregar->guardaTurno()
 3 SYSTEMPATH\CodeIgniter.php(502): CodeIgniter\CodeIgniter->runController(Object(App\Controllers\Agregar))
 4 SYSTEMPATH\CodeIgniter.php(361): CodeIgniter\CodeIgniter->handleRequest(null, Object(Config\Cache), false)
 5 FCPATH\index.php(79): CodeIgniter\CodeIgniter->run()
INFO - 2023-11-27 15:28:09 --> Session: Class initialized using 'CodeIgniter\Session\Handlers\FileHandler' driver.
WARNING - 2023-11-27 15:28:09 --> [DEPRECATED] Creation of dynamic property App\Models\Mglobal::$session is deprecated in APPPATH\Models\Mglobal.php on line 18.
 1 APPPATH\Controllers\Agregar.php(132): App\Models\Mglobal->__construct()
 2 SYSTEMPATH\CodeIgniter.php(942): App\Controllers\Agregar->index()
 3 SYSTEMPATH\CodeIgniter.php(502): CodeIgniter\CodeIgniter->runController(Object(App\Controllers\Agregar))
 4 SYSTEMPATH\CodeIgniter.php(361): CodeIgniter\CodeIgniter->handleRequest(null, Object(Config\Cache), false)
 5 FCPATH\index.php(79): CodeIgniter\CodeIgniter->run()
INFO - 2023-11-27 15:29:10 --> Session: Class initialized using 'CodeIgniter\Session\Handlers\FileHandler' driver.
WARNING - 2023-11-27 15:29:10 --> [DEPRECATED] Creation of dynamic property App\Models\Mglobal::$session is deprecated in APPPATH\Models\Mglobal.php on line 18.
 1 APPPATH\Controllers\Agregar.php(190): App\Models\Mglobal->__construct()
 2 SYSTEMPATH\CodeIgniter.php(942): App\Controllers\Agregar->guardaTurno()
 3 SYSTEMPATH\CodeIgniter.php(502): CodeIgniter\CodeIgniter->runController(Object(App\Controllers\Agregar))
 4 SYSTEMPATH\CodeIgniter.php(361): CodeIgniter\CodeIgniter->handleRequest(null, Object(Config\Cache), false)
 5 FCPATH\index.php(79): CodeIgniter\CodeIgniter->run()
INFO - 2023-11-27 15:33:36 --> Session: Class initialized using 'CodeIgniter\Session\Handlers\FileHandler' driver.
WARNING - 2023-11-27 15:33:36 --> [DEPRECATED] Creation of dynamic property App\Models\Mglobal::$session is deprecated in APPPATH\Models\Mglobal.php on line 18.
 1 APPPATH\Controllers\Agregar.php(190): App\Models\Mglobal->__construct()
 2 SYSTEMPATH\CodeIgniter.php(942): App\Controllers\Agregar->guardaTurno()
 3 SYSTEMPATH\CodeIgniter.php(502): CodeIgniter\CodeIgniter->runController(Object(App\Controllers\Agregar))
 4 SYSTEMPATH\CodeIgniter.php(361): CodeIgniter\CodeIgniter->handleRequest(null, Object(Config\Cache), false)
 5 FCPATH\index.php(79): CodeIgniter\CodeIgniter->run()
