INFO - 2023-11-22 09:27:34 --> Session: Class initialized using 'CodeIgniter\Session\Handlers\FileHandler' driver.
INFO - 2023-11-22 09:27:35 --> Session: Class initialized using 'CodeIgniter\Session\Handlers\FileHandler' driver.
INFO - 2023-11-22 09:27:46 --> Session: Class initialized using 'CodeIgniter\Session\Handlers\FileHandler' driver.
WARNING - 2023-11-22 09:27:46 --> [DEPRECATED] Creation of dynamic property App\Models\Mglobal::$session is deprecated in APPPATH\Models\Mglobal.php on line 18.
 1 APPPATH\Controllers\Login.php(52): App\Models\Mglobal->__construct()
 2 SYSTEMPATH\CodeIgniter.php(942): App\Controllers\Login->validar_usuario()
 3 SYSTEMPATH\CodeIgniter.php(502): CodeIgniter\CodeIgniter->runController(Object(App\Controllers\Login))
 4 SYSTEMPATH\CodeIgniter.php(361): CodeIgniter\CodeIgniter->handleRequest(null, Object(Config\Cache), false)
 5 FCPATH\index.php(79): CodeIgniter\CodeIgniter->run()
INFO - 2023-11-22 09:27:47 --> Session: Class initialized using 'CodeIgniter\Session\Handlers\FileHandler' driver.
INFO - 2023-11-22 09:27:49 --> Session: Class initialized using 'CodeIgniter\Session\Handlers\FileHandler' driver.
WARNING - 2023-11-22 09:27:49 --> [DEPRECATED] Creation of dynamic property App\Models\Mglobal::$session is deprecated in APPPATH\Models\Mglobal.php on line 18.
 1 APPPATH\Controllers\Inicio.php(51): App\Models\Mglobal->__construct()
 2 SYSTEMPATH\CodeIgniter.php(942): App\Controllers\Inicio->getPrincipal()
 3 SYSTEMPATH\CodeIgniter.php(502): CodeIgniter\CodeIgniter->runController(Object(App\Controllers\Inicio))
 4 SYSTEMPATH\CodeIgniter.php(361): CodeIgniter\CodeIgniter->handleRequest(null, Object(Config\Cache), false)
 5 FCPATH\index.php(79): CodeIgniter\CodeIgniter->run()
INFO - 2023-11-22 09:27:54 --> Session: Class initialized using 'CodeIgniter\Session\Handlers\FileHandler' driver.
WARNING - 2023-11-22 09:27:54 --> [DEPRECATED] Creation of dynamic property App\Models\Mglobal::$session is deprecated in APPPATH\Models\Mglobal.php on line 18.
 1 APPPATH\Controllers\Agregar.php(42): App\Models\Mglobal->__construct()
 2 SYSTEMPATH\CodeIgniter.php(942): App\Controllers\Agregar->index()
 3 SYSTEMPATH\CodeIgniter.php(502): CodeIgniter\CodeIgniter->runController(Object(App\Controllers\Agregar))
 4 SYSTEMPATH\CodeIgniter.php(361): CodeIgniter\CodeIgniter->handleRequest(null, Object(Config\Cache), false)
 5 FCPATH\index.php(79): CodeIgniter\CodeIgniter->run()
INFO - 2023-11-22 09:28:08 --> Session: Class initialized using 'CodeIgniter\Session\Handlers\FileHandler' driver.
INFO - 2023-11-22 09:28:08 --> Session: Class initialized using 'CodeIgniter\Session\Handlers\FileHandler' driver.
INFO - 2023-11-22 09:32:28 --> Session: Class initialized using 'CodeIgniter\Session\Handlers\FileHandler' driver.
WARNING - 2023-11-22 09:32:28 --> [DEPRECATED] Creation of dynamic property App\Models\Mglobal::$session is deprecated in APPPATH\Models\Mglobal.php on line 18.
 1 APPPATH\Controllers\Login.php(52): App\Models\Mglobal->__construct()
 2 SYSTEMPATH\CodeIgniter.php(942): App\Controllers\Login->validar_usuario()
 3 SYSTEMPATH\CodeIgniter.php(502): CodeIgniter\CodeIgniter->runController(Object(App\Controllers\Login))
 4 SYSTEMPATH\CodeIgniter.php(361): CodeIgniter\CodeIgniter->handleRequest(null, Object(Config\Cache), false)
 5 FCPATH\index.php(79): CodeIgniter\CodeIgniter->run()
INFO - 2023-11-22 09:32:28 --> Session: Class initialized using 'CodeIgniter\Session\Handlers\FileHandler' driver.
INFO - 2023-11-22 09:32:30 --> Session: Class initialized using 'CodeIgniter\Session\Handlers\FileHandler' driver.
WARNING - 2023-11-22 09:32:30 --> [DEPRECATED] Creation of dynamic property App\Models\Mglobal::$session is deprecated in APPPATH\Models\Mglobal.php on line 18.
 1 APPPATH\Controllers\Inicio.php(51): App\Models\Mglobal->__construct()
 2 SYSTEMPATH\CodeIgniter.php(942): App\Controllers\Inicio->getPrincipal()
 3 SYSTEMPATH\CodeIgniter.php(502): CodeIgniter\CodeIgniter->runController(Object(App\Controllers\Inicio))
 4 SYSTEMPATH\CodeIgniter.php(361): CodeIgniter\CodeIgniter->handleRequest(null, Object(Config\Cache), false)
 5 FCPATH\index.php(79): CodeIgniter\CodeIgniter->run()
INFO - 2023-11-22 09:33:37 --> Session: Class initialized using 'CodeIgniter\Session\Handlers\FileHandler' driver.
WARNING - 2023-11-22 09:33:37 --> [DEPRECATED] Creation of dynamic property App\Models\Mglobal::$session is deprecated in APPPATH\Models\Mglobal.php on line 18.
 1 APPPATH\Controllers\Agregar.php(42): App\Models\Mglobal->__construct()
 2 SYSTEMPATH\CodeIgniter.php(942): App\Controllers\Agregar->index()
 3 SYSTEMPATH\CodeIgniter.php(502): CodeIgniter\CodeIgniter->runController(Object(App\Controllers\Agregar))
 4 SYSTEMPATH\CodeIgniter.php(361): CodeIgniter\CodeIgniter->handleRequest(null, Object(Config\Cache), false)
 5 FCPATH\index.php(79): CodeIgniter\CodeIgniter->run()
INFO - 2023-11-22 09:36:40 --> Session: Class initialized using 'CodeIgniter\Session\Handlers\FileHandler' driver.
WARNING - 2023-11-22 09:36:40 --> [DEPRECATED] Creation of dynamic property App\Models\Mglobal::$session is deprecated in APPPATH\Models\Mglobal.php on line 18.
 1 APPPATH\Controllers\Agregar.php(42): App\Models\Mglobal->__construct()
 2 SYSTEMPATH\CodeIgniter.php(942): App\Controllers\Agregar->index()
 3 SYSTEMPATH\CodeIgniter.php(502): CodeIgniter\CodeIgniter->runController(Object(App\Controllers\Agregar))
 4 SYSTEMPATH\CodeIgniter.php(361): CodeIgniter\CodeIgniter->handleRequest(null, Object(Config\Cache), false)
 5 FCPATH\index.php(79): CodeIgniter\CodeIgniter->run()
INFO - 2023-11-22 09:40:29 --> Session: Class initialized using 'CodeIgniter\Session\Handlers\FileHandler' driver.
INFO - 2023-11-22 09:40:30 --> Session: Class initialized using 'CodeIgniter\Session\Handlers\FileHandler' driver.
WARNING - 2023-11-22 09:40:30 --> [DEPRECATED] Creation of dynamic property App\Models\Mglobal::$session is deprecated in APPPATH\Models\Mglobal.php on line 18.
 1 APPPATH\Controllers\Inicio.php(51): App\Models\Mglobal->__construct()
 2 SYSTEMPATH\CodeIgniter.php(942): App\Controllers\Inicio->getPrincipal()
 3 SYSTEMPATH\CodeIgniter.php(502): CodeIgniter\CodeIgniter->runController(Object(App\Controllers\Inicio))
 4 SYSTEMPATH\CodeIgniter.php(361): CodeIgniter\CodeIgniter->handleRequest(null, Object(Config\Cache), false)
 5 FCPATH\index.php(79): CodeIgniter\CodeIgniter->run()
INFO - 2023-11-22 10:21:05 --> Session: Class initialized using 'CodeIgniter\Session\Handlers\FileHandler' driver.
WARNING - 2023-11-22 10:21:05 --> [DEPRECATED] Creation of dynamic property App\Models\Mglobal::$session is deprecated in APPPATH\Models\Mglobal.php on line 18.
 1 APPPATH\Controllers\Agregar.php(42): App\Models\Mglobal->__construct()
 2 SYSTEMPATH\CodeIgniter.php(942): App\Controllers\Agregar->index()
 3 SYSTEMPATH\CodeIgniter.php(502): CodeIgniter\CodeIgniter->runController(Object(App\Controllers\Agregar))
 4 SYSTEMPATH\CodeIgniter.php(361): CodeIgniter\CodeIgniter->handleRequest(null, Object(Config\Cache), false)
 5 FCPATH\index.php(79): CodeIgniter\CodeIgniter->run()
ERROR - 2023-11-22 10:21:05 --> mysqli_sql_exception: Table 'turnos2.turnado' doesn't exist in C:\wamp\www\turnos2\system\Database\MySQLi\Connection.php:306
Stack trace:
#0 C:\wamp\www\turnos2\system\Database\MySQLi\Connection.php(306): mysqli->query('SELECT `id`, `n...', 0)
#1 C:\wamp\www\turnos2\system\Database\BaseConnection.php(693): CodeIgniter\Database\MySQLi\Connection->execute('SELECT `id`, `n...')
#2 C:\wamp\www\turnos2\system\Database\BaseConnection.php(607): CodeIgniter\Database\BaseConnection->simpleQuery('SELECT `id`, `n...')
#3 C:\wamp\www\turnos2\system\Database\BaseBuilder.php(1615): CodeIgniter\Database\BaseConnection->query('SELECT `id`, `n...', Array, false)
#4 C:\wamp\www\turnos2\app\Models\Mglobal.php(111): CodeIgniter\Database\BaseBuilder->get()
#5 C:\wamp\www\turnos2\app\Controllers\Agregar.php(57): App\Models\Mglobal->getTabla(Array)
#6 C:\wamp\www\turnos2\system\CodeIgniter.php(942): App\Controllers\Agregar->index()
#7 C:\wamp\www\turnos2\system\CodeIgniter.php(502): CodeIgniter\CodeIgniter->runController(Object(App\Controllers\Agregar))
#8 C:\wamp\www\turnos2\system\CodeIgniter.php(361): CodeIgniter\CodeIgniter->handleRequest(NULL, Object(Config\Cache), false)
#9 C:\wamp\www\turnos2\index.php(79): CodeIgniter\CodeIgniter->run()
#10 {main}
CRITICAL - 2023-11-22 10:21:05 --> Table 'turnos2.turnado' doesn't exist
in SYSTEMPATH\Database\BaseConnection.php on line 647.
 1 SYSTEMPATH\Database\BaseBuilder.php(1615): CodeIgniter\Database\BaseConnection->query('SELECT `id`, `nombre`, `cargo`, `orden`
FROM `turnado`
WHERE `visible` = 1', [], false)
 2 APPPATH\Models\Mglobal.php(111): CodeIgniter\Database\BaseBuilder->get()
 3 APPPATH\Controllers\Agregar.php(57): App\Models\Mglobal->getTabla([...])
 4 SYSTEMPATH\CodeIgniter.php(942): App\Controllers\Agregar->index()
 5 SYSTEMPATH\CodeIgniter.php(502): CodeIgniter\CodeIgniter->runController(Object(App\Controllers\Agregar))
 6 SYSTEMPATH\CodeIgniter.php(361): CodeIgniter\CodeIgniter->handleRequest(null, Object(Config\Cache), false)
 7 FCPATH\index.php(79): CodeIgniter\CodeIgniter->run()
INFO - 2023-11-22 10:23:28 --> Session: Class initialized using 'CodeIgniter\Session\Handlers\FileHandler' driver.
INFO - 2023-11-22 10:23:30 --> Session: Class initialized using 'CodeIgniter\Session\Handlers\FileHandler' driver.
WARNING - 2023-11-22 10:23:30 --> [DEPRECATED] Creation of dynamic property App\Models\Mglobal::$session is deprecated in APPPATH\Models\Mglobal.php on line 18.
 1 APPPATH\Controllers\Inicio.php(51): App\Models\Mglobal->__construct()
 2 SYSTEMPATH\CodeIgniter.php(942): App\Controllers\Inicio->getPrincipal()
 3 SYSTEMPATH\CodeIgniter.php(502): CodeIgniter\CodeIgniter->runController(Object(App\Controllers\Inicio))
 4 SYSTEMPATH\CodeIgniter.php(361): CodeIgniter\CodeIgniter->handleRequest(null, Object(Config\Cache), false)
 5 FCPATH\index.php(79): CodeIgniter\CodeIgniter->run()
ERROR - 2023-11-22 10:23:30 --> mysqli_sql_exception: Table 'turnos2.principal' doesn't exist in C:\wamp\www\turnos2\system\Database\MySQLi\Connection.php:306
Stack trace:
#0 C:\wamp\www\turnos2\system\Database\MySQLi\Connection.php(306): mysqli->query('SELECT *\nFROM `...', 0)
#1 C:\wamp\www\turnos2\system\Database\BaseConnection.php(693): CodeIgniter\Database\MySQLi\Connection->execute('SELECT *\nFROM `...')
#2 C:\wamp\www\turnos2\system\Database\BaseConnection.php(607): CodeIgniter\Database\BaseConnection->simpleQuery('SELECT *\nFROM `...')
#3 C:\wamp\www\turnos2\system\Database\BaseBuilder.php(1615): CodeIgniter\Database\BaseConnection->query('SELECT *\nFROM `...', Array, false)
#4 C:\wamp\www\turnos2\app\Models\Mglobal.php(111): CodeIgniter\Database\BaseBuilder->get()
#5 C:\wamp\www\turnos2\app\Controllers\Inicio.php(54): App\Models\Mglobal->getTabla(Array)
#6 C:\wamp\www\turnos2\system\CodeIgniter.php(942): App\Controllers\Inicio->getPrincipal()
#7 C:\wamp\www\turnos2\system\CodeIgniter.php(502): CodeIgniter\CodeIgniter->runController(Object(App\Controllers\Inicio))
#8 C:\wamp\www\turnos2\system\CodeIgniter.php(361): CodeIgniter\CodeIgniter->handleRequest(NULL, Object(Config\Cache), false)
#9 C:\wamp\www\turnos2\index.php(79): CodeIgniter\CodeIgniter->run()
#10 {main}
CRITICAL - 2023-11-22 10:23:30 --> Table 'turnos2.principal' doesn't exist
in SYSTEMPATH\Database\BaseConnection.php on line 647.
 1 SYSTEMPATH\Database\BaseBuilder.php(1615): CodeIgniter\Database\BaseConnection->query('SELECT *
FROM `principal`
WHERE `visible` = 1', [], false)
 2 APPPATH\Models\Mglobal.php(111): CodeIgniter\Database\BaseBuilder->get()
 3 APPPATH\Controllers\Inicio.php(54): App\Models\Mglobal->getTabla([...])
 4 SYSTEMPATH\CodeIgniter.php(942): App\Controllers\Inicio->getPrincipal()
 5 SYSTEMPATH\CodeIgniter.php(502): CodeIgniter\CodeIgniter->runController(Object(App\Controllers\Inicio))
 6 SYSTEMPATH\CodeIgniter.php(361): CodeIgniter\CodeIgniter->handleRequest(null, Object(Config\Cache), false)
 7 FCPATH\index.php(79): CodeIgniter\CodeIgniter->run()
INFO - 2023-11-22 16:31:02 --> Session: Class initialized using 'CodeIgniter\Session\Handlers\FileHandler' driver.
INFO - 2023-11-22 16:31:08 --> Session: Class initialized using 'CodeIgniter\Session\Handlers\FileHandler' driver.
WARNING - 2023-11-22 16:31:08 --> [DEPRECATED] Creation of dynamic property App\Models\Mglobal::$session is deprecated in APPPATH\Models\Mglobal.php on line 18.
 1 APPPATH\Controllers\Login.php(52): App\Models\Mglobal->__construct()
 2 SYSTEMPATH\CodeIgniter.php(942): App\Controllers\Login->validar_usuario()
 3 SYSTEMPATH\CodeIgniter.php(502): CodeIgniter\CodeIgniter->runController(Object(App\Controllers\Login))
 4 SYSTEMPATH\CodeIgniter.php(361): CodeIgniter\CodeIgniter->handleRequest(null, Object(Config\Cache), false)
 5 FCPATH\index.php(79): CodeIgniter\CodeIgniter->run()
INFO - 2023-11-22 16:31:08 --> Session: Class initialized using 'CodeIgniter\Session\Handlers\FileHandler' driver.
INFO - 2023-11-22 16:31:09 --> Session: Class initialized using 'CodeIgniter\Session\Handlers\FileHandler' driver.
WARNING - 2023-11-22 16:31:10 --> [DEPRECATED] Creation of dynamic property App\Models\Mglobal::$session is deprecated in APPPATH\Models\Mglobal.php on line 18.
 1 APPPATH\Controllers\Inicio.php(51): App\Models\Mglobal->__construct()
 2 SYSTEMPATH\CodeIgniter.php(942): App\Controllers\Inicio->getPrincipal()
 3 SYSTEMPATH\CodeIgniter.php(502): CodeIgniter\CodeIgniter->runController(Object(App\Controllers\Inicio))
 4 SYSTEMPATH\CodeIgniter.php(361): CodeIgniter\CodeIgniter->handleRequest(null, Object(Config\Cache), false)
 5 FCPATH\index.php(79): CodeIgniter\CodeIgniter->run()
ERROR - 2023-11-22 16:31:10 --> mysqli_sql_exception: Table 'turnos2.principal' doesn't exist in C:\wamp\www\turnos2\system\Database\MySQLi\Connection.php:306
Stack trace:
#0 C:\wamp\www\turnos2\system\Database\MySQLi\Connection.php(306): mysqli->query('SELECT *\nFROM `...', 0)
#1 C:\wamp\www\turnos2\system\Database\BaseConnection.php(693): CodeIgniter\Database\MySQLi\Connection->execute('SELECT *\nFROM `...')
#2 C:\wamp\www\turnos2\system\Database\BaseConnection.php(607): CodeIgniter\Database\BaseConnection->simpleQuery('SELECT *\nFROM `...')
#3 C:\wamp\www\turnos2\system\Database\BaseBuilder.php(1615): CodeIgniter\Database\BaseConnection->query('SELECT *\nFROM `...', Array, false)
#4 C:\wamp\www\turnos2\app\Models\Mglobal.php(111): CodeIgniter\Database\BaseBuilder->get()
#5 C:\wamp\www\turnos2\app\Controllers\Inicio.php(54): App\Models\Mglobal->getTabla(Array)
#6 C:\wamp\www\turnos2\system\CodeIgniter.php(942): App\Controllers\Inicio->getPrincipal()
#7 C:\wamp\www\turnos2\system\CodeIgniter.php(502): CodeIgniter\CodeIgniter->runController(Object(App\Controllers\Inicio))
#8 C:\wamp\www\turnos2\system\CodeIgniter.php(361): CodeIgniter\CodeIgniter->handleRequest(NULL, Object(Config\Cache), false)
#9 C:\wamp\www\turnos2\index.php(79): CodeIgniter\CodeIgniter->run()
#10 {main}
CRITICAL - 2023-11-22 16:31:10 --> Table 'turnos2.principal' doesn't exist
in SYSTEMPATH\Database\BaseConnection.php on line 647.
 1 SYSTEMPATH\Database\BaseBuilder.php(1615): CodeIgniter\Database\BaseConnection->query('SELECT *
FROM `principal`
WHERE `visible` = 1', [], false)
 2 APPPATH\Models\Mglobal.php(111): CodeIgniter\Database\BaseBuilder->get()
 3 APPPATH\Controllers\Inicio.php(54): App\Models\Mglobal->getTabla([...])
 4 SYSTEMPATH\CodeIgniter.php(942): App\Controllers\Inicio->getPrincipal()
 5 SYSTEMPATH\CodeIgniter.php(502): CodeIgniter\CodeIgniter->runController(Object(App\Controllers\Inicio))
 6 SYSTEMPATH\CodeIgniter.php(361): CodeIgniter\CodeIgniter->handleRequest(null, Object(Config\Cache), false)
 7 FCPATH\index.php(79): CodeIgniter\CodeIgniter->run()
INFO - 2023-11-22 16:41:21 --> Session: Class initialized using 'CodeIgniter\Session\Handlers\FileHandler' driver.
INFO - 2023-11-22 16:41:22 --> Session: Class initialized using 'CodeIgniter\Session\Handlers\FileHandler' driver.
WARNING - 2023-11-22 16:41:22 --> [DEPRECATED] Creation of dynamic property App\Models\Mglobal::$session is deprecated in APPPATH\Models\Mglobal.php on line 18.
 1 APPPATH\Controllers\Inicio.php(51): App\Models\Mglobal->__construct()
 2 SYSTEMPATH\CodeIgniter.php(942): App\Controllers\Inicio->getPrincipal()
 3 SYSTEMPATH\CodeIgniter.php(502): CodeIgniter\CodeIgniter->runController(Object(App\Controllers\Inicio))
 4 SYSTEMPATH\CodeIgniter.php(361): CodeIgniter\CodeIgniter->handleRequest(null, Object(Config\Cache), false)
 5 FCPATH\index.php(79): CodeIgniter\CodeIgniter->run()
INFO - 2023-11-22 16:46:44 --> Session: Class initialized using 'CodeIgniter\Session\Handlers\FileHandler' driver.
INFO - 2023-11-22 16:46:45 --> Session: Class initialized using 'CodeIgniter\Session\Handlers\FileHandler' driver.
WARNING - 2023-11-22 16:46:46 --> [DEPRECATED] Creation of dynamic property App\Models\Mglobal::$session is deprecated in APPPATH\Models\Mglobal.php on line 18.
 1 APPPATH\Controllers\Inicio.php(51): App\Models\Mglobal->__construct()
 2 SYSTEMPATH\CodeIgniter.php(942): App\Controllers\Inicio->getPrincipal()
 3 SYSTEMPATH\CodeIgniter.php(502): CodeIgniter\CodeIgniter->runController(Object(App\Controllers\Inicio))
 4 SYSTEMPATH\CodeIgniter.php(361): CodeIgniter\CodeIgniter->handleRequest(null, Object(Config\Cache), false)
 5 FCPATH\index.php(79): CodeIgniter\CodeIgniter->run()
INFO - 2023-11-22 16:46:53 --> Session: Class initialized using 'CodeIgniter\Session\Handlers\FileHandler' driver.
INFO - 2023-11-22 16:46:54 --> Session: Class initialized using 'CodeIgniter\Session\Handlers\FileHandler' driver.
WARNING - 2023-11-22 16:46:54 --> [DEPRECATED] Creation of dynamic property App\Models\Mglobal::$session is deprecated in APPPATH\Models\Mglobal.php on line 18.
 1 APPPATH\Controllers\Inicio.php(51): App\Models\Mglobal->__construct()
 2 SYSTEMPATH\CodeIgniter.php(942): App\Controllers\Inicio->getPrincipal()
 3 SYSTEMPATH\CodeIgniter.php(502): CodeIgniter\CodeIgniter->runController(Object(App\Controllers\Inicio))
 4 SYSTEMPATH\CodeIgniter.php(361): CodeIgniter\CodeIgniter->handleRequest(null, Object(Config\Cache), false)
 5 FCPATH\index.php(79): CodeIgniter\CodeIgniter->run()
INFO - 2023-11-22 16:47:10 --> Session: Class initialized using 'CodeIgniter\Session\Handlers\FileHandler' driver.
INFO - 2023-11-22 16:47:11 --> Session: Class initialized using 'CodeIgniter\Session\Handlers\FileHandler' driver.
WARNING - 2023-11-22 16:47:11 --> [DEPRECATED] Creation of dynamic property App\Models\Mglobal::$session is deprecated in APPPATH\Models\Mglobal.php on line 18.
 1 APPPATH\Controllers\Inicio.php(51): App\Models\Mglobal->__construct()
 2 SYSTEMPATH\CodeIgniter.php(942): App\Controllers\Inicio->getPrincipal()
 3 SYSTEMPATH\CodeIgniter.php(502): CodeIgniter\CodeIgniter->runController(Object(App\Controllers\Inicio))
 4 SYSTEMPATH\CodeIgniter.php(361): CodeIgniter\CodeIgniter->handleRequest(null, Object(Config\Cache), false)
 5 FCPATH\index.php(79): CodeIgniter\CodeIgniter->run()
INFO - 2023-11-22 16:47:32 --> Session: Class initialized using 'CodeIgniter\Session\Handlers\FileHandler' driver.
INFO - 2023-11-22 16:47:33 --> Session: Class initialized using 'CodeIgniter\Session\Handlers\FileHandler' driver.
WARNING - 2023-11-22 16:47:33 --> [DEPRECATED] Creation of dynamic property App\Models\Mglobal::$session is deprecated in APPPATH\Models\Mglobal.php on line 18.
 1 APPPATH\Controllers\Inicio.php(51): App\Models\Mglobal->__construct()
 2 SYSTEMPATH\CodeIgniter.php(942): App\Controllers\Inicio->getPrincipal()
 3 SYSTEMPATH\CodeIgniter.php(502): CodeIgniter\CodeIgniter->runController(Object(App\Controllers\Inicio))
 4 SYSTEMPATH\CodeIgniter.php(361): CodeIgniter\CodeIgniter->handleRequest(null, Object(Config\Cache), false)
 5 FCPATH\index.php(79): CodeIgniter\CodeIgniter->run()
INFO - 2023-11-22 16:50:04 --> Session: Class initialized using 'CodeIgniter\Session\Handlers\FileHandler' driver.
INFO - 2023-11-22 16:50:05 --> Session: Class initialized using 'CodeIgniter\Session\Handlers\FileHandler' driver.
WARNING - 2023-11-22 16:50:05 --> [DEPRECATED] Creation of dynamic property App\Models\Mglobal::$session is deprecated in APPPATH\Models\Mglobal.php on line 18.
 1 APPPATH\Controllers\Inicio.php(51): App\Models\Mglobal->__construct()
 2 SYSTEMPATH\CodeIgniter.php(942): App\Controllers\Inicio->getPrincipal()
 3 SYSTEMPATH\CodeIgniter.php(502): CodeIgniter\CodeIgniter->runController(Object(App\Controllers\Inicio))
 4 SYSTEMPATH\CodeIgniter.php(361): CodeIgniter\CodeIgniter->handleRequest(null, Object(Config\Cache), false)
 5 FCPATH\index.php(79): CodeIgniter\CodeIgniter->run()
INFO - 2023-11-22 16:50:49 --> Session: Class initialized using 'CodeIgniter\Session\Handlers\FileHandler' driver.
INFO - 2023-11-22 16:50:50 --> Session: Class initialized using 'CodeIgniter\Session\Handlers\FileHandler' driver.
WARNING - 2023-11-22 16:50:50 --> [DEPRECATED] Creation of dynamic property App\Models\Mglobal::$session is deprecated in APPPATH\Models\Mglobal.php on line 18.
 1 APPPATH\Controllers\Inicio.php(51): App\Models\Mglobal->__construct()
 2 SYSTEMPATH\CodeIgniter.php(942): App\Controllers\Inicio->getPrincipal()
 3 SYSTEMPATH\CodeIgniter.php(502): CodeIgniter\CodeIgniter->runController(Object(App\Controllers\Inicio))
 4 SYSTEMPATH\CodeIgniter.php(361): CodeIgniter\CodeIgniter->handleRequest(null, Object(Config\Cache), false)
 5 FCPATH\index.php(79): CodeIgniter\CodeIgniter->run()
INFO - 2023-11-22 16:51:19 --> Session: Class initialized using 'CodeIgniter\Session\Handlers\FileHandler' driver.
INFO - 2023-11-22 16:51:20 --> Session: Class initialized using 'CodeIgniter\Session\Handlers\FileHandler' driver.
WARNING - 2023-11-22 16:51:20 --> [DEPRECATED] Creation of dynamic property App\Models\Mglobal::$session is deprecated in APPPATH\Models\Mglobal.php on line 18.
 1 APPPATH\Controllers\Inicio.php(51): App\Models\Mglobal->__construct()
 2 SYSTEMPATH\CodeIgniter.php(942): App\Controllers\Inicio->getPrincipal()
 3 SYSTEMPATH\CodeIgniter.php(502): CodeIgniter\CodeIgniter->runController(Object(App\Controllers\Inicio))
 4 SYSTEMPATH\CodeIgniter.php(361): CodeIgniter\CodeIgniter->handleRequest(null, Object(Config\Cache), false)
 5 FCPATH\index.php(79): CodeIgniter\CodeIgniter->run()
INFO - 2023-11-22 16:52:14 --> Session: Class initialized using 'CodeIgniter\Session\Handlers\FileHandler' driver.
INFO - 2023-11-22 16:52:15 --> Session: Class initialized using 'CodeIgniter\Session\Handlers\FileHandler' driver.
WARNING - 2023-11-22 16:52:15 --> [DEPRECATED] Creation of dynamic property App\Models\Mglobal::$session is deprecated in APPPATH\Models\Mglobal.php on line 18.
 1 APPPATH\Controllers\Inicio.php(51): App\Models\Mglobal->__construct()
 2 SYSTEMPATH\CodeIgniter.php(942): App\Controllers\Inicio->getPrincipal()
 3 SYSTEMPATH\CodeIgniter.php(502): CodeIgniter\CodeIgniter->runController(Object(App\Controllers\Inicio))
 4 SYSTEMPATH\CodeIgniter.php(361): CodeIgniter\CodeIgniter->handleRequest(null, Object(Config\Cache), false)
 5 FCPATH\index.php(79): CodeIgniter\CodeIgniter->run()
INFO - 2023-11-22 16:55:21 --> Session: Class initialized using 'CodeIgniter\Session\Handlers\FileHandler' driver.
WARNING - 2023-11-22 16:55:21 --> [DEPRECATED] Creation of dynamic property App\Models\Mglobal::$session is deprecated in APPPATH\Models\Mglobal.php on line 18.
 1 APPPATH\Controllers\Agregar.php(42): App\Models\Mglobal->__construct()
 2 SYSTEMPATH\CodeIgniter.php(942): App\Controllers\Agregar->index()
 3 SYSTEMPATH\CodeIgniter.php(502): CodeIgniter\CodeIgniter->runController(Object(App\Controllers\Agregar))
 4 SYSTEMPATH\CodeIgniter.php(361): CodeIgniter\CodeIgniter->handleRequest(null, Object(Config\Cache), false)
 5 FCPATH\index.php(79): CodeIgniter\CodeIgniter->run()
ERROR - 2023-11-22 16:55:21 --> mysqli_sql_exception: Table 'turnos2.turnado' doesn't exist in C:\wamp\www\turnos2\system\Database\MySQLi\Connection.php:306
Stack trace:
#0 C:\wamp\www\turnos2\system\Database\MySQLi\Connection.php(306): mysqli->query('SELECT `id`, `n...', 0)
#1 C:\wamp\www\turnos2\system\Database\BaseConnection.php(693): CodeIgniter\Database\MySQLi\Connection->execute('SELECT `id`, `n...')
#2 C:\wamp\www\turnos2\system\Database\BaseConnection.php(607): CodeIgniter\Database\BaseConnection->simpleQuery('SELECT `id`, `n...')
#3 C:\wamp\www\turnos2\system\Database\BaseBuilder.php(1615): CodeIgniter\Database\BaseConnection->query('SELECT `id`, `n...', Array, false)
#4 C:\wamp\www\turnos2\app\Models\Mglobal.php(111): CodeIgniter\Database\BaseBuilder->get()
#5 C:\wamp\www\turnos2\app\Controllers\Agregar.php(57): App\Models\Mglobal->getTabla(Array)
#6 C:\wamp\www\turnos2\system\CodeIgniter.php(942): App\Controllers\Agregar->index()
#7 C:\wamp\www\turnos2\system\CodeIgniter.php(502): CodeIgniter\CodeIgniter->runController(Object(App\Controllers\Agregar))
#8 C:\wamp\www\turnos2\system\CodeIgniter.php(361): CodeIgniter\CodeIgniter->handleRequest(NULL, Object(Config\Cache), false)
#9 C:\wamp\www\turnos2\index.php(79): CodeIgniter\CodeIgniter->run()
#10 {main}
CRITICAL - 2023-11-22 16:55:21 --> Table 'turnos2.turnado' doesn't exist
in SYSTEMPATH\Database\BaseConnection.php on line 647.
 1 SYSTEMPATH\Database\BaseBuilder.php(1615): CodeIgniter\Database\BaseConnection->query('SELECT `id`, `nombre`, `cargo`, `orden`
FROM `turnado`
WHERE `visible` = 1', [], false)
 2 APPPATH\Models\Mglobal.php(111): CodeIgniter\Database\BaseBuilder->get()
 3 APPPATH\Controllers\Agregar.php(57): App\Models\Mglobal->getTabla([...])
 4 SYSTEMPATH\CodeIgniter.php(942): App\Controllers\Agregar->index()
 5 SYSTEMPATH\CodeIgniter.php(502): CodeIgniter\CodeIgniter->runController(Object(App\Controllers\Agregar))
 6 SYSTEMPATH\CodeIgniter.php(361): CodeIgniter\CodeIgniter->handleRequest(null, Object(Config\Cache), false)
 7 FCPATH\index.php(79): CodeIgniter\CodeIgniter->run()
INFO - 2023-11-22 17:01:03 --> Session: Class initialized using 'CodeIgniter\Session\Handlers\FileHandler' driver.
WARNING - 2023-11-22 17:01:03 --> [DEPRECATED] Creation of dynamic property App\Models\Mglobal::$session is deprecated in APPPATH\Models\Mglobal.php on line 18.
 1 APPPATH\Controllers\Agregar.php(42): App\Models\Mglobal->__construct()
 2 SYSTEMPATH\CodeIgniter.php(942): App\Controllers\Agregar->index()
 3 SYSTEMPATH\CodeIgniter.php(502): CodeIgniter\CodeIgniter->runController(Object(App\Controllers\Agregar))
 4 SYSTEMPATH\CodeIgniter.php(361): CodeIgniter\CodeIgniter->handleRequest(null, Object(Config\Cache), false)
 5 FCPATH\index.php(79): CodeIgniter\CodeIgniter->run()
ERROR - 2023-11-22 17:01:03 --> Se produjo una excepción: Undefined property: stdClass::$orden
CRITICAL - 2023-11-22 17:01:04 --> Undefined property: stdClass::$id
in APPPATH\Views\formularios\vFormAgregar.php on line 136.
 1 APPPATH\Views\formularios\vFormAgregar.php(136): CodeIgniter\Debug\Exceptions->errorHandler(2, 'Undefined property: stdClass::$id', 'C:\\wamp\\www\\turnos2\\app\\Views\\formularios\\vFormAgregar.php', 136)
 2 SYSTEMPATH\View\View.php(228): include('C:\\wamp\\www\\turnos2\\app\\Views\\formularios\\vFormAgregar.php')
 3 SYSTEMPATH\View\View.php(231): CodeIgniter\View\View->CodeIgniter\View\{closure}()
 4 SYSTEMPATH\Common.php(1190): CodeIgniter\View\View->render('formularios/vFormAgregar', [], true)
 5 APPPATH\Views\plantilla\lytDefault.php(3): view('formularios/vFormAgregar')
 6 SYSTEMPATH\View\View.php(228): include('C:\\wamp\\www\\turnos2\\app\\Views\\plantilla\\lytDefault.php')
 7 SYSTEMPATH\View\View.php(231): CodeIgniter\View\View->CodeIgniter\View\{closure}()
 8 SYSTEMPATH\Common.php(1190): CodeIgniter\View\View->render('plantilla/lytDefault', [], true)
 9 APPPATH\Controllers\Agregar.php(34): view('plantilla/lytDefault', [...])
10 APPPATH\Controllers\Agregar.php(121): App\Controllers\Agregar->_renderView([...])
11 SYSTEMPATH\CodeIgniter.php(942): App\Controllers\Agregar->index()
12 SYSTEMPATH\CodeIgniter.php(502): CodeIgniter\CodeIgniter->runController(Object(App\Controllers\Agregar))
13 SYSTEMPATH\CodeIgniter.php(361): CodeIgniter\CodeIgniter->handleRequest(null, Object(Config\Cache), false)
14 FCPATH\index.php(79): CodeIgniter\CodeIgniter->run()
INFO - 2023-11-22 17:01:58 --> Session: Class initialized using 'CodeIgniter\Session\Handlers\FileHandler' driver.
WARNING - 2023-11-22 17:01:58 --> [DEPRECATED] Creation of dynamic property App\Models\Mglobal::$session is deprecated in APPPATH\Models\Mglobal.php on line 18.
 1 APPPATH\Controllers\Agregar.php(42): App\Models\Mglobal->__construct()
 2 SYSTEMPATH\CodeIgniter.php(942): App\Controllers\Agregar->index()
 3 SYSTEMPATH\CodeIgniter.php(502): CodeIgniter\CodeIgniter->runController(Object(App\Controllers\Agregar))
 4 SYSTEMPATH\CodeIgniter.php(361): CodeIgniter\CodeIgniter->handleRequest(null, Object(Config\Cache), false)
 5 FCPATH\index.php(79): CodeIgniter\CodeIgniter->run()
ERROR - 2023-11-22 17:01:58 --> Se produjo una excepción: Undefined property: stdClass::$orden
CRITICAL - 2023-11-22 17:01:58 --> Undefined variable $cppNombre
in APPPATH\Views\formularios\vFormAgregar.php on line 172.
 1 APPPATH\Views\formularios\vFormAgregar.php(172): CodeIgniter\Debug\Exceptions->errorHandler(2, 'Undefined variable $cppNombre', 'C:\\wamp\\www\\turnos2\\app\\Views\\formularios\\vFormAgregar.php', 172)
 2 SYSTEMPATH\View\View.php(228): include('C:\\wamp\\www\\turnos2\\app\\Views\\formularios\\vFormAgregar.php')
 3 SYSTEMPATH\View\View.php(231): CodeIgniter\View\View->CodeIgniter\View\{closure}()
 4 SYSTEMPATH\Common.php(1190): CodeIgniter\View\View->render('formularios/vFormAgregar', [], true)
 5 APPPATH\Views\plantilla\lytDefault.php(3): view('formularios/vFormAgregar')
 6 SYSTEMPATH\View\View.php(228): include('C:\\wamp\\www\\turnos2\\app\\Views\\plantilla\\lytDefault.php')
 7 SYSTEMPATH\View\View.php(231): CodeIgniter\View\View->CodeIgniter\View\{closure}()
 8 SYSTEMPATH\Common.php(1190): CodeIgniter\View\View->render('plantilla/lytDefault', [], true)
 9 APPPATH\Controllers\Agregar.php(34): view('plantilla/lytDefault', [...])
10 APPPATH\Controllers\Agregar.php(121): App\Controllers\Agregar->_renderView([...])
11 SYSTEMPATH\CodeIgniter.php(942): App\Controllers\Agregar->index()
12 SYSTEMPATH\CodeIgniter.php(502): CodeIgniter\CodeIgniter->runController(Object(App\Controllers\Agregar))
13 SYSTEMPATH\CodeIgniter.php(361): CodeIgniter\CodeIgniter->handleRequest(null, Object(Config\Cache), false)
14 FCPATH\index.php(79): CodeIgniter\CodeIgniter->run()
INFO - 2023-11-22 17:02:28 --> Session: Class initialized using 'CodeIgniter\Session\Handlers\FileHandler' driver.
WARNING - 2023-11-22 17:02:28 --> [DEPRECATED] Creation of dynamic property App\Models\Mglobal::$session is deprecated in APPPATH\Models\Mglobal.php on line 18.
 1 APPPATH\Controllers\Agregar.php(42): App\Models\Mglobal->__construct()
 2 SYSTEMPATH\CodeIgniter.php(942): App\Controllers\Agregar->index()
 3 SYSTEMPATH\CodeIgniter.php(502): CodeIgniter\CodeIgniter->runController(Object(App\Controllers\Agregar))
 4 SYSTEMPATH\CodeIgniter.php(361): CodeIgniter\CodeIgniter->handleRequest(null, Object(Config\Cache), false)
 5 FCPATH\index.php(79): CodeIgniter\CodeIgniter->run()
ERROR - 2023-11-22 17:02:28 --> Se produjo una excepción: Undefined property: stdClass::$orden
CRITICAL - 2023-11-22 17:02:28 --> Undefined variable $cppNombre
in APPPATH\Views\formularios\vFormAgregar.php on line 172.
 1 APPPATH\Views\formularios\vFormAgregar.php(172): CodeIgniter\Debug\Exceptions->errorHandler(2, 'Undefined variable $cppNombre', 'C:\\wamp\\www\\turnos2\\app\\Views\\formularios\\vFormAgregar.php', 172)
 2 SYSTEMPATH\View\View.php(228): include('C:\\wamp\\www\\turnos2\\app\\Views\\formularios\\vFormAgregar.php')
 3 SYSTEMPATH\View\View.php(231): CodeIgniter\View\View->CodeIgniter\View\{closure}()
 4 SYSTEMPATH\Common.php(1190): CodeIgniter\View\View->render('formularios/vFormAgregar', [], true)
 5 APPPATH\Views\plantilla\lytDefault.php(3): view('formularios/vFormAgregar')
 6 SYSTEMPATH\View\View.php(228): include('C:\\wamp\\www\\turnos2\\app\\Views\\plantilla\\lytDefault.php')
 7 SYSTEMPATH\View\View.php(231): CodeIgniter\View\View->CodeIgniter\View\{closure}()
 8 SYSTEMPATH\Common.php(1190): CodeIgniter\View\View->render('plantilla/lytDefault', [], true)
 9 APPPATH\Controllers\Agregar.php(34): view('plantilla/lytDefault', [...])
10 APPPATH\Controllers\Agregar.php(121): App\Controllers\Agregar->_renderView([...])
11 SYSTEMPATH\CodeIgniter.php(942): App\Controllers\Agregar->index()
12 SYSTEMPATH\CodeIgniter.php(502): CodeIgniter\CodeIgniter->runController(Object(App\Controllers\Agregar))
13 SYSTEMPATH\CodeIgniter.php(361): CodeIgniter\CodeIgniter->handleRequest(null, Object(Config\Cache), false)
14 FCPATH\index.php(79): CodeIgniter\CodeIgniter->run()
INFO - 2023-11-22 17:04:16 --> Session: Class initialized using 'CodeIgniter\Session\Handlers\FileHandler' driver.
WARNING - 2023-11-22 17:04:17 --> [DEPRECATED] Creation of dynamic property App\Models\Mglobal::$session is deprecated in APPPATH\Models\Mglobal.php on line 18.
 1 APPPATH\Controllers\Agregar.php(42): App\Models\Mglobal->__construct()
 2 SYSTEMPATH\CodeIgniter.php(942): App\Controllers\Agregar->index()
 3 SYSTEMPATH\CodeIgniter.php(502): CodeIgniter\CodeIgniter->runController(Object(App\Controllers\Agregar))
 4 SYSTEMPATH\CodeIgniter.php(361): CodeIgniter\CodeIgniter->handleRequest(null, Object(Config\Cache), false)
 5 FCPATH\index.php(79): CodeIgniter\CodeIgniter->run()
CRITICAL - 2023-11-22 17:04:17 --> Undefined property: stdClass::$id
in APPPATH\Views\formularios\vFormAgregar.php on line 213.
 1 APPPATH\Views\formularios\vFormAgregar.php(213): CodeIgniter\Debug\Exceptions->errorHandler(2, 'Undefined property: stdClass::$id', 'C:\\wamp\\www\\turnos2\\app\\Views\\formularios\\vFormAgregar.php', 213)
 2 SYSTEMPATH\View\View.php(228): include('C:\\wamp\\www\\turnos2\\app\\Views\\formularios\\vFormAgregar.php')
 3 SYSTEMPATH\View\View.php(231): CodeIgniter\View\View->CodeIgniter\View\{closure}()
 4 SYSTEMPATH\Common.php(1190): CodeIgniter\View\View->render('formularios/vFormAgregar', [], true)
 5 APPPATH\Views\plantilla\lytDefault.php(3): view('formularios/vFormAgregar')
 6 SYSTEMPATH\View\View.php(228): include('C:\\wamp\\www\\turnos2\\app\\Views\\plantilla\\lytDefault.php')
 7 SYSTEMPATH\View\View.php(231): CodeIgniter\View\View->CodeIgniter\View\{closure}()
 8 SYSTEMPATH\Common.php(1190): CodeIgniter\View\View->render('plantilla/lytDefault', [], true)
 9 APPPATH\Controllers\Agregar.php(34): view('plantilla/lytDefault', [...])
10 APPPATH\Controllers\Agregar.php(121): App\Controllers\Agregar->_renderView([...])
11 SYSTEMPATH\CodeIgniter.php(942): App\Controllers\Agregar->index()
12 SYSTEMPATH\CodeIgniter.php(502): CodeIgniter\CodeIgniter->runController(Object(App\Controllers\Agregar))
13 SYSTEMPATH\CodeIgniter.php(361): CodeIgniter\CodeIgniter->handleRequest(null, Object(Config\Cache), false)
14 FCPATH\index.php(79): CodeIgniter\CodeIgniter->run()
INFO - 2023-11-22 17:05:15 --> Session: Class initialized using 'CodeIgniter\Session\Handlers\FileHandler' driver.
WARNING - 2023-11-22 17:05:15 --> [DEPRECATED] Creation of dynamic property App\Models\Mglobal::$session is deprecated in APPPATH\Models\Mglobal.php on line 18.
 1 APPPATH\Controllers\Agregar.php(42): App\Models\Mglobal->__construct()
 2 SYSTEMPATH\CodeIgniter.php(942): App\Controllers\Agregar->index()
 3 SYSTEMPATH\CodeIgniter.php(502): CodeIgniter\CodeIgniter->runController(Object(App\Controllers\Agregar))
 4 SYSTEMPATH\CodeIgniter.php(361): CodeIgniter\CodeIgniter->handleRequest(null, Object(Config\Cache), false)
 5 FCPATH\index.php(79): CodeIgniter\CodeIgniter->run()
CRITICAL - 2023-11-22 17:05:15 --> Undefined property: stdClass::$id
in APPPATH\Views\formularios\vFormAgregar.php on line 222.
 1 APPPATH\Views\formularios\vFormAgregar.php(222): CodeIgniter\Debug\Exceptions->errorHandler(2, 'Undefined property: stdClass::$id', 'C:\\wamp\\www\\turnos2\\app\\Views\\formularios\\vFormAgregar.php', 222)
 2 SYSTEMPATH\View\View.php(228): include('C:\\wamp\\www\\turnos2\\app\\Views\\formularios\\vFormAgregar.php')
 3 SYSTEMPATH\View\View.php(231): CodeIgniter\View\View->CodeIgniter\View\{closure}()
 4 SYSTEMPATH\Common.php(1190): CodeIgniter\View\View->render('formularios/vFormAgregar', [], true)
 5 APPPATH\Views\plantilla\lytDefault.php(3): view('formularios/vFormAgregar')
 6 SYSTEMPATH\View\View.php(228): include('C:\\wamp\\www\\turnos2\\app\\Views\\plantilla\\lytDefault.php')
 7 SYSTEMPATH\View\View.php(231): CodeIgniter\View\View->CodeIgniter\View\{closure}()
 8 SYSTEMPATH\Common.php(1190): CodeIgniter\View\View->render('plantilla/lytDefault', [], true)
 9 APPPATH\Controllers\Agregar.php(34): view('plantilla/lytDefault', [...])
10 APPPATH\Controllers\Agregar.php(121): App\Controllers\Agregar->_renderView([...])
11 SYSTEMPATH\CodeIgniter.php(942): App\Controllers\Agregar->index()
12 SYSTEMPATH\CodeIgniter.php(502): CodeIgniter\CodeIgniter->runController(Object(App\Controllers\Agregar))
13 SYSTEMPATH\CodeIgniter.php(361): CodeIgniter\CodeIgniter->handleRequest(null, Object(Config\Cache), false)
14 FCPATH\index.php(79): CodeIgniter\CodeIgniter->run()
INFO - 2023-11-22 17:05:41 --> Session: Class initialized using 'CodeIgniter\Session\Handlers\FileHandler' driver.
WARNING - 2023-11-22 17:05:41 --> [DEPRECATED] Creation of dynamic property App\Models\Mglobal::$session is deprecated in APPPATH\Models\Mglobal.php on line 18.
 1 APPPATH\Controllers\Agregar.php(42): App\Models\Mglobal->__construct()
 2 SYSTEMPATH\CodeIgniter.php(942): App\Controllers\Agregar->index()
 3 SYSTEMPATH\CodeIgniter.php(502): CodeIgniter\CodeIgniter->runController(Object(App\Controllers\Agregar))
 4 SYSTEMPATH\CodeIgniter.php(361): CodeIgniter\CodeIgniter->handleRequest(null, Object(Config\Cache), false)
 5 FCPATH\index.php(79): CodeIgniter\CodeIgniter->run()
