INFO - 2023-11-24 09:27:54 --> Session: Class initialized using 'CodeIgniter\Session\Handlers\FileHandler' driver.
INFO - 2023-11-24 09:28:05 --> Session: Class initialized using 'CodeIgniter\Session\Handlers\FileHandler' driver.
WARNING - 2023-11-24 09:28:06 --> [DEPRECATED] Creation of dynamic property App\Models\Mglobal::$session is deprecated in APPPATH\Models\Mglobal.php on line 18.
 1 APPPATH\Controllers\Login.php(52): App\Models\Mglobal->__construct()
 2 SYSTEMPATH\CodeIgniter.php(942): App\Controllers\Login->validar_usuario()
 3 SYSTEMPATH\CodeIgniter.php(502): CodeIgniter\CodeIgniter->runController(Object(App\Controllers\Login))
 4 SYSTEMPATH\CodeIgniter.php(361): CodeIgniter\CodeIgniter->handleRequest(null, Object(Config\Cache), false)
 5 FCPATH\index.php(79): CodeIgniter\CodeIgniter->run()
INFO - 2023-11-24 09:28:06 --> Session: Class initialized using 'CodeIgniter\Session\Handlers\FileHandler' driver.
INFO - 2023-11-24 09:28:07 --> Session: Class initialized using 'CodeIgniter\Session\Handlers\FileHandler' driver.
WARNING - 2023-11-24 09:28:08 --> [DEPRECATED] Creation of dynamic property App\Models\Mglobal::$session is deprecated in APPPATH\Models\Mglobal.php on line 18.
 1 APPPATH\Controllers\Inicio.php(51): App\Models\Mglobal->__construct()
 2 SYSTEMPATH\CodeIgniter.php(942): App\Controllers\Inicio->getPrincipal()
 3 SYSTEMPATH\CodeIgniter.php(502): CodeIgniter\CodeIgniter->runController(Object(App\Controllers\Inicio))
 4 SYSTEMPATH\CodeIgniter.php(361): CodeIgniter\CodeIgniter->handleRequest(null, Object(Config\Cache), false)
 5 FCPATH\index.php(79): CodeIgniter\CodeIgniter->run()
INFO - 2023-11-24 09:28:36 --> Session: Class initialized using 'CodeIgniter\Session\Handlers\FileHandler' driver.
WARNING - 2023-11-24 09:28:36 --> [DEPRECATED] Creation of dynamic property App\Models\Mglobal::$session is deprecated in APPPATH\Models\Mglobal.php on line 18.
 1 APPPATH\Controllers\Agregar.php(132): App\Models\Mglobal->__construct()
 2 SYSTEMPATH\CodeIgniter.php(942): App\Controllers\Agregar->index()
 3 SYSTEMPATH\CodeIgniter.php(502): CodeIgniter\CodeIgniter->runController(Object(App\Controllers\Agregar))
 4 SYSTEMPATH\CodeIgniter.php(361): CodeIgniter\CodeIgniter->handleRequest(null, Object(Config\Cache), false)
 5 FCPATH\index.php(79): CodeIgniter\CodeIgniter->run()
INFO - 2023-11-24 09:52:37 --> Session: Class initialized using 'CodeIgniter\Session\Handlers\FileHandler' driver.
WARNING - 2023-11-24 09:52:37 --> [DEPRECATED] Creation of dynamic property App\Models\Mglobal::$session is deprecated in APPPATH\Models\Mglobal.php on line 18.
 1 APPPATH\Controllers\Agregar.php(132): App\Models\Mglobal->__construct()
 2 SYSTEMPATH\CodeIgniter.php(942): App\Controllers\Agregar->index()
 3 SYSTEMPATH\CodeIgniter.php(502): CodeIgniter\CodeIgniter->runController(Object(App\Controllers\Agregar))
 4 SYSTEMPATH\CodeIgniter.php(361): CodeIgniter\CodeIgniter->handleRequest(null, Object(Config\Cache), false)
 5 FCPATH\index.php(79): CodeIgniter\CodeIgniter->run()
INFO - 2023-11-24 12:07:30 --> Session: Class initialized using 'CodeIgniter\Session\Handlers\FileHandler' driver.
WARNING - 2023-11-24 12:07:31 --> [DEPRECATED] Creation of dynamic property App\Models\Mglobal::$session is deprecated in APPPATH\Models\Mglobal.php on line 18.
 1 APPPATH\Controllers\Agregar.php(132): App\Models\Mglobal->__construct()
 2 SYSTEMPATH\CodeIgniter.php(942): App\Controllers\Agregar->index()
 3 SYSTEMPATH\CodeIgniter.php(502): CodeIgniter\CodeIgniter->runController(Object(App\Controllers\Agregar))
 4 SYSTEMPATH\CodeIgniter.php(361): CodeIgniter\CodeIgniter->handleRequest(null, Object(Config\Cache), false)
 5 FCPATH\index.php(79): CodeIgniter\CodeIgniter->run()
INFO - 2023-11-24 12:11:54 --> Session: Class initialized using 'CodeIgniter\Session\Handlers\FileHandler' driver.
WARNING - 2023-11-24 12:11:54 --> [DEPRECATED] Creation of dynamic property App\Models\Mglobal::$session is deprecated in APPPATH\Models\Mglobal.php on line 18.
 1 APPPATH\Controllers\Agregar.php(132): App\Models\Mglobal->__construct()
 2 SYSTEMPATH\CodeIgniter.php(942): App\Controllers\Agregar->index()
 3 SYSTEMPATH\CodeIgniter.php(502): CodeIgniter\CodeIgniter->runController(Object(App\Controllers\Agregar))
 4 SYSTEMPATH\CodeIgniter.php(361): CodeIgniter\CodeIgniter->handleRequest(null, Object(Config\Cache), false)
 5 FCPATH\index.php(79): CodeIgniter\CodeIgniter->run()
INFO - 2023-11-24 12:12:10 --> Session: Class initialized using 'CodeIgniter\Session\Handlers\FileHandler' driver.
WARNING - 2023-11-24 12:12:10 --> [DEPRECATED] Creation of dynamic property App\Models\Mglobal::$session is deprecated in APPPATH\Models\Mglobal.php on line 18.
 1 APPPATH\Controllers\Agregar.php(132): App\Models\Mglobal->__construct()
 2 SYSTEMPATH\CodeIgniter.php(942): App\Controllers\Agregar->index()
 3 SYSTEMPATH\CodeIgniter.php(502): CodeIgniter\CodeIgniter->runController(Object(App\Controllers\Agregar))
 4 SYSTEMPATH\CodeIgniter.php(361): CodeIgniter\CodeIgniter->handleRequest(null, Object(Config\Cache), false)
 5 FCPATH\index.php(79): CodeIgniter\CodeIgniter->run()
INFO - 2023-11-24 12:14:07 --> Session: Class initialized using 'CodeIgniter\Session\Handlers\FileHandler' driver.
WARNING - 2023-11-24 12:14:07 --> [DEPRECATED] Creation of dynamic property App\Models\Mglobal::$session is deprecated in APPPATH\Models\Mglobal.php on line 18.
 1 APPPATH\Controllers\Agregar.php(132): App\Models\Mglobal->__construct()
 2 SYSTEMPATH\CodeIgniter.php(942): App\Controllers\Agregar->index()
 3 SYSTEMPATH\CodeIgniter.php(502): CodeIgniter\CodeIgniter->runController(Object(App\Controllers\Agregar))
 4 SYSTEMPATH\CodeIgniter.php(361): CodeIgniter\CodeIgniter->handleRequest(null, Object(Config\Cache), false)
 5 FCPATH\index.php(79): CodeIgniter\CodeIgniter->run()
INFO - 2023-11-24 12:15:11 --> Session: Class initialized using 'CodeIgniter\Session\Handlers\FileHandler' driver.
WARNING - 2023-11-24 12:15:11 --> [DEPRECATED] Creation of dynamic property App\Models\Mglobal::$session is deprecated in APPPATH\Models\Mglobal.php on line 18.
 1 APPPATH\Controllers\Agregar.php(132): App\Models\Mglobal->__construct()
 2 SYSTEMPATH\CodeIgniter.php(942): App\Controllers\Agregar->index()
 3 SYSTEMPATH\CodeIgniter.php(502): CodeIgniter\CodeIgniter->runController(Object(App\Controllers\Agregar))
 4 SYSTEMPATH\CodeIgniter.php(361): CodeIgniter\CodeIgniter->handleRequest(null, Object(Config\Cache), false)
 5 FCPATH\index.php(79): CodeIgniter\CodeIgniter->run()
INFO - 2023-11-24 12:15:35 --> Session: Class initialized using 'CodeIgniter\Session\Handlers\FileHandler' driver.
WARNING - 2023-11-24 12:15:35 --> [DEPRECATED] Creation of dynamic property App\Models\Mglobal::$session is deprecated in APPPATH\Models\Mglobal.php on line 18.
 1 APPPATH\Controllers\Agregar.php(132): App\Models\Mglobal->__construct()
 2 SYSTEMPATH\CodeIgniter.php(942): App\Controllers\Agregar->index()
 3 SYSTEMPATH\CodeIgniter.php(502): CodeIgniter\CodeIgniter->runController(Object(App\Controllers\Agregar))
 4 SYSTEMPATH\CodeIgniter.php(361): CodeIgniter\CodeIgniter->handleRequest(null, Object(Config\Cache), false)
 5 FCPATH\index.php(79): CodeIgniter\CodeIgniter->run()
INFO - 2023-11-24 12:16:18 --> Session: Class initialized using 'CodeIgniter\Session\Handlers\FileHandler' driver.
WARNING - 2023-11-24 12:16:18 --> [DEPRECATED] Creation of dynamic property App\Models\Mglobal::$session is deprecated in APPPATH\Models\Mglobal.php on line 18.
 1 APPPATH\Controllers\Agregar.php(132): App\Models\Mglobal->__construct()
 2 SYSTEMPATH\CodeIgniter.php(942): App\Controllers\Agregar->index()
 3 SYSTEMPATH\CodeIgniter.php(502): CodeIgniter\CodeIgniter->runController(Object(App\Controllers\Agregar))
 4 SYSTEMPATH\CodeIgniter.php(361): CodeIgniter\CodeIgniter->handleRequest(null, Object(Config\Cache), false)
 5 FCPATH\index.php(79): CodeIgniter\CodeIgniter->run()
INFO - 2023-11-24 12:16:38 --> Session: Class initialized using 'CodeIgniter\Session\Handlers\FileHandler' driver.
WARNING - 2023-11-24 12:16:38 --> [DEPRECATED] Creation of dynamic property App\Models\Mglobal::$session is deprecated in APPPATH\Models\Mglobal.php on line 18.
 1 APPPATH\Controllers\Agregar.php(132): App\Models\Mglobal->__construct()
 2 SYSTEMPATH\CodeIgniter.php(942): App\Controllers\Agregar->index()
 3 SYSTEMPATH\CodeIgniter.php(502): CodeIgniter\CodeIgniter->runController(Object(App\Controllers\Agregar))
 4 SYSTEMPATH\CodeIgniter.php(361): CodeIgniter\CodeIgniter->handleRequest(null, Object(Config\Cache), false)
 5 FCPATH\index.php(79): CodeIgniter\CodeIgniter->run()
INFO - 2023-11-24 12:16:51 --> Session: Class initialized using 'CodeIgniter\Session\Handlers\FileHandler' driver.
WARNING - 2023-11-24 12:16:51 --> [DEPRECATED] Creation of dynamic property App\Models\Mglobal::$session is deprecated in APPPATH\Models\Mglobal.php on line 18.
 1 APPPATH\Controllers\Agregar.php(132): App\Models\Mglobal->__construct()
 2 SYSTEMPATH\CodeIgniter.php(942): App\Controllers\Agregar->index()
 3 SYSTEMPATH\CodeIgniter.php(502): CodeIgniter\CodeIgniter->runController(Object(App\Controllers\Agregar))
 4 SYSTEMPATH\CodeIgniter.php(361): CodeIgniter\CodeIgniter->handleRequest(null, Object(Config\Cache), false)
 5 FCPATH\index.php(79): CodeIgniter\CodeIgniter->run()
INFO - 2023-11-24 12:17:07 --> Session: Class initialized using 'CodeIgniter\Session\Handlers\FileHandler' driver.
WARNING - 2023-11-24 12:17:07 --> [DEPRECATED] Creation of dynamic property App\Models\Mglobal::$session is deprecated in APPPATH\Models\Mglobal.php on line 18.
 1 APPPATH\Controllers\Agregar.php(132): App\Models\Mglobal->__construct()
 2 SYSTEMPATH\CodeIgniter.php(942): App\Controllers\Agregar->index()
 3 SYSTEMPATH\CodeIgniter.php(502): CodeIgniter\CodeIgniter->runController(Object(App\Controllers\Agregar))
 4 SYSTEMPATH\CodeIgniter.php(361): CodeIgniter\CodeIgniter->handleRequest(null, Object(Config\Cache), false)
 5 FCPATH\index.php(79): CodeIgniter\CodeIgniter->run()
INFO - 2023-11-24 12:17:23 --> Session: Class initialized using 'CodeIgniter\Session\Handlers\FileHandler' driver.
WARNING - 2023-11-24 12:17:23 --> [DEPRECATED] Creation of dynamic property App\Models\Mglobal::$session is deprecated in APPPATH\Models\Mglobal.php on line 18.
 1 APPPATH\Controllers\Agregar.php(132): App\Models\Mglobal->__construct()
 2 SYSTEMPATH\CodeIgniter.php(942): App\Controllers\Agregar->index()
 3 SYSTEMPATH\CodeIgniter.php(502): CodeIgniter\CodeIgniter->runController(Object(App\Controllers\Agregar))
 4 SYSTEMPATH\CodeIgniter.php(361): CodeIgniter\CodeIgniter->handleRequest(null, Object(Config\Cache), false)
 5 FCPATH\index.php(79): CodeIgniter\CodeIgniter->run()
INFO - 2023-11-24 12:17:36 --> Session: Class initialized using 'CodeIgniter\Session\Handlers\FileHandler' driver.
WARNING - 2023-11-24 12:17:36 --> [DEPRECATED] Creation of dynamic property App\Models\Mglobal::$session is deprecated in APPPATH\Models\Mglobal.php on line 18.
 1 APPPATH\Controllers\Agregar.php(132): App\Models\Mglobal->__construct()
 2 SYSTEMPATH\CodeIgniter.php(942): App\Controllers\Agregar->index()
 3 SYSTEMPATH\CodeIgniter.php(502): CodeIgniter\CodeIgniter->runController(Object(App\Controllers\Agregar))
 4 SYSTEMPATH\CodeIgniter.php(361): CodeIgniter\CodeIgniter->handleRequest(null, Object(Config\Cache), false)
 5 FCPATH\index.php(79): CodeIgniter\CodeIgniter->run()
INFO - 2023-11-24 14:48:18 --> Session: Class initialized using 'CodeIgniter\Session\Handlers\FileHandler' driver.
WARNING - 2023-11-24 14:48:18 --> [DEPRECATED] Creation of dynamic property App\Models\Mglobal::$session is deprecated in APPPATH\Models\Mglobal.php on line 18.
 1 APPPATH\Controllers\Agregar.php(132): App\Models\Mglobal->__construct()
 2 SYSTEMPATH\CodeIgniter.php(942): App\Controllers\Agregar->index()
 3 SYSTEMPATH\CodeIgniter.php(502): CodeIgniter\CodeIgniter->runController(Object(App\Controllers\Agregar))
 4 SYSTEMPATH\CodeIgniter.php(361): CodeIgniter\CodeIgniter->handleRequest(null, Object(Config\Cache), false)
 5 FCPATH\index.php(79): CodeIgniter\CodeIgniter->run()
INFO - 2023-11-24 14:48:37 --> Session: Class initialized using 'CodeIgniter\Session\Handlers\FileHandler' driver.
WARNING - 2023-11-24 14:48:37 --> [DEPRECATED] Creation of dynamic property App\Models\Mglobal::$session is deprecated in APPPATH\Models\Mglobal.php on line 18.
 1 APPPATH\Controllers\Agregar.php(132): App\Models\Mglobal->__construct()
 2 SYSTEMPATH\CodeIgniter.php(942): App\Controllers\Agregar->index()
 3 SYSTEMPATH\CodeIgniter.php(502): CodeIgniter\CodeIgniter->runController(Object(App\Controllers\Agregar))
 4 SYSTEMPATH\CodeIgniter.php(361): CodeIgniter\CodeIgniter->handleRequest(null, Object(Config\Cache), false)
 5 FCPATH\index.php(79): CodeIgniter\CodeIgniter->run()
INFO - 2023-11-24 16:37:21 --> Session: Class initialized using 'CodeIgniter\Session\Handlers\FileHandler' driver.
WARNING - 2023-11-24 16:37:21 --> [DEPRECATED] Creation of dynamic property App\Models\Mglobal::$session is deprecated in APPPATH\Models\Mglobal.php on line 18.
 1 APPPATH\Controllers\Agregar.php(132): App\Models\Mglobal->__construct()
 2 SYSTEMPATH\CodeIgniter.php(942): App\Controllers\Agregar->index()
 3 SYSTEMPATH\CodeIgniter.php(502): CodeIgniter\CodeIgniter->runController(Object(App\Controllers\Agregar))
 4 SYSTEMPATH\CodeIgniter.php(361): CodeIgniter\CodeIgniter->handleRequest(null, Object(Config\Cache), false)
 5 FCPATH\index.php(79): CodeIgniter\CodeIgniter->run()
INFO - 2023-11-24 16:37:46 --> Session: Class initialized using 'CodeIgniter\Session\Handlers\FileHandler' driver.
WARNING - 2023-11-24 16:37:46 --> [DEPRECATED] Creation of dynamic property App\Models\Mglobal::$session is deprecated in APPPATH\Models\Mglobal.php on line 18.
 1 APPPATH\Controllers\Agregar.php(132): App\Models\Mglobal->__construct()
 2 SYSTEMPATH\CodeIgniter.php(942): App\Controllers\Agregar->index()
 3 SYSTEMPATH\CodeIgniter.php(502): CodeIgniter\CodeIgniter->runController(Object(App\Controllers\Agregar))
 4 SYSTEMPATH\CodeIgniter.php(361): CodeIgniter\CodeIgniter->handleRequest(null, Object(Config\Cache), false)
 5 FCPATH\index.php(79): CodeIgniter\CodeIgniter->run()
INFO - 2023-11-24 16:40:05 --> Session: Class initialized using 'CodeIgniter\Session\Handlers\FileHandler' driver.
WARNING - 2023-11-24 16:40:05 --> [DEPRECATED] Creation of dynamic property App\Models\Mglobal::$session is deprecated in APPPATH\Models\Mglobal.php on line 18.
 1 APPPATH\Controllers\Agregar.php(132): App\Models\Mglobal->__construct()
 2 SYSTEMPATH\CodeIgniter.php(942): App\Controllers\Agregar->index()
 3 SYSTEMPATH\CodeIgniter.php(502): CodeIgniter\CodeIgniter->runController(Object(App\Controllers\Agregar))
 4 SYSTEMPATH\CodeIgniter.php(361): CodeIgniter\CodeIgniter->handleRequest(null, Object(Config\Cache), false)
 5 FCPATH\index.php(79): CodeIgniter\CodeIgniter->run()
INFO - 2023-11-24 16:40:20 --> Session: Class initialized using 'CodeIgniter\Session\Handlers\FileHandler' driver.
WARNING - 2023-11-24 16:40:20 --> [DEPRECATED] Creation of dynamic property App\Models\Mglobal::$session is deprecated in APPPATH\Models\Mglobal.php on line 18.
 1 APPPATH\Controllers\Agregar.php(132): App\Models\Mglobal->__construct()
 2 SYSTEMPATH\CodeIgniter.php(942): App\Controllers\Agregar->index()
 3 SYSTEMPATH\CodeIgniter.php(502): CodeIgniter\CodeIgniter->runController(Object(App\Controllers\Agregar))
 4 SYSTEMPATH\CodeIgniter.php(361): CodeIgniter\CodeIgniter->handleRequest(null, Object(Config\Cache), false)
 5 FCPATH\index.php(79): CodeIgniter\CodeIgniter->run()
INFO - 2023-11-24 16:40:42 --> Session: Class initialized using 'CodeIgniter\Session\Handlers\FileHandler' driver.
WARNING - 2023-11-24 16:40:42 --> [DEPRECATED] Creation of dynamic property App\Models\Mglobal::$session is deprecated in APPPATH\Models\Mglobal.php on line 18.
 1 APPPATH\Controllers\Agregar.php(132): App\Models\Mglobal->__construct()
 2 SYSTEMPATH\CodeIgniter.php(942): App\Controllers\Agregar->index()
 3 SYSTEMPATH\CodeIgniter.php(502): CodeIgniter\CodeIgniter->runController(Object(App\Controllers\Agregar))
 4 SYSTEMPATH\CodeIgniter.php(361): CodeIgniter\CodeIgniter->handleRequest(null, Object(Config\Cache), false)
 5 FCPATH\index.php(79): CodeIgniter\CodeIgniter->run()
